<?xml version="1.0" encoding="UTF-8"?>
<testsuite xmlns:xsi="http://www.w3.org/2001/XMLSchema-instance" xsi:noNamespaceSchemaLocation="https://maven.apache.org/surefire/maven-failsafe-plugin/xsd/failsafe-test-report-3.0.xsd" version="3.0" name="ho.qat.seo.testrunners.TestRunner" time="17.44" tests="3" errors="0" skipped="0" failures="0">
  <properties>
    <property name="java.specification.version" value="21"/>
    <property name="sun.jnu.encoding" value="UTF-8"/>
    <property name="java.class.path" value="/Users/sarakarthik/Documents/seo_technical_assessment_starter/target/test-classes:/Users/sarakarthik/Documents/seo_technical_assessment_starter/target/seo-technical-task-1.0-SNAPSHOT.jar:/Users/sarakarthik/.m2/repository/net/serenity-bdd/serenity-core/4.0.15/serenity-core-4.0.15.jar:/Users/sarakarthik/.m2/repository/net/serenity-bdd/serenity-model/4.0.15/serenity-model-4.0.15.jar:/Users/sarakarthik/.m2/repository/org/apache/commons/commons-text/1.10.0/commons-text-1.10.0.jar:/Users/sarakarthik/.m2/repository/commons-net/commons-net/3.9.0/commons-net-3.9.0.jar:/Users/sarakarthik/.m2/repository/com/google/guava/guava/32.1.2-jre/guava-32.1.2-jre.jar:/Users/sarakarthik/.m2/repository/com/google/guava/failureaccess/1.0.1/failureaccess-1.0.1.jar:/Users/sarakarthik/.m2/repository/com/google/guava/listenablefuture/9999.0-empty-to-avoid-conflict-with-guava/listenablefuture-9999.0-empty-to-avoid-conflict-with-guava.jar:/Users/sarakarthik/.m2/repository/com/google/code/findbugs/jsr305/3.0.2/jsr305-3.0.2.jar:/Users/sarakarthik/.m2/repository/org/checkerframework/checker-qual/3.33.0/checker-qual-3.33.0.jar:/Users/sarakarthik/.m2/repository/com/google/errorprone/error_prone_annotations/2.18.0/error_prone_annotations-2.18.0.jar:/Users/sarakarthik/.m2/repository/com/google/j2objc/j2objc-annotations/2.8/j2objc-annotations-2.8.jar:/Users/sarakarthik/.m2/repository/org/jsoup/jsoup/1.15.4/jsoup-1.15.4.jar:/Users/sarakarthik/.m2/repository/com/thoughtworks/xstream/xstream/1.4.20/xstream-1.4.20.jar:/Users/sarakarthik/.m2/repository/io/github/x-stream/mxparser/1.2.2/mxparser-1.2.2.jar:/Users/sarakarthik/.m2/repository/xmlpull/xmlpull/1.1.3.1/xmlpull-1.1.3.1.jar:/Users/sarakarthik/.m2/repository/com/typesafe/config/1.4.2/config-1.4.2.jar:/Users/sarakarthik/.m2/repository/org/imgscalr/imgscalr-lib/4.2/imgscalr-lib-4.2.jar:/Users/sarakarthik/.m2/repository/org/awaitility/awaitility/4.2.0/awaitility-4.2.0.jar:/Users/sarakarthik/.m2/repository/org/freemarker/freemarker/2.3.32/freemarker-2.3.32.jar:/Users/sarakarthik/.m2/repository/io/github/classgraph/classgraph/4.8.157/classgraph-4.8.157.jar:/Users/sarakarthik/.m2/repository/com/github/ben-manes/caffeine/caffeine/2.9.2/caffeine-2.9.2.jar:/Users/sarakarthik/.m2/repository/org/ehcache/ehcache/3.10.8/ehcache-3.10.8.jar:/Users/sarakarthik/.m2/repository/javax/cache/cache-api/1.1.0/cache-api-1.1.0.jar:/Users/sarakarthik/.m2/repository/net/sourceforge/jexcelapi/jxl/2.6.12/jxl-2.6.12.jar:/Users/sarakarthik/.m2/repository/net/bytebuddy/byte-buddy-agent/1.14.7/byte-buddy-agent-1.14.7.jar:/Users/sarakarthik/.m2/repository/org/objenesis/objenesis/3.3/objenesis-3.3.jar:/Users/sarakarthik/.m2/repository/com/vladsch/flexmark/flexmark-all/0.64.8/flexmark-all-0.64.8.jar:/Users/sarakarthik/.m2/repository/com/vladsch/flexmark/flexmark/0.64.8/flexmark-0.64.8.jar:/Users/sarakarthik/.m2/repository/com/vladsch/flexmark/flexmark-ext-abbreviation/0.64.8/flexmark-ext-abbreviation-0.64.8.jar:/Users/sarakarthik/.m2/repository/com/vladsch/flexmark/flexmark-ext-admonition/0.64.8/flexmark-ext-admonition-0.64.8.jar:/Users/sarakarthik/.m2/repository/com/vladsch/flexmark/flexmark-ext-anchorlink/0.64.8/flexmark-ext-anchorlink-0.64.8.jar:/Users/sarakarthik/.m2/repository/com/vladsch/flexmark/flexmark-ext-aside/0.64.8/flexmark-ext-aside-0.64.8.jar:/Users/sarakarthik/.m2/repository/com/vladsch/flexmark/flexmark-ext-attributes/0.64.8/flexmark-ext-attributes-0.64.8.jar:/Users/sarakarthik/.m2/repository/com/vladsch/flexmark/flexmark-ext-autolink/0.64.8/flexmark-ext-autolink-0.64.8.jar:/Users/sarakarthik/.m2/repository/org/nibor/autolink/autolink/0.6.0/autolink-0.6.0.jar:/Users/sarakarthik/.m2/repository/com/vladsch/flexmark/flexmark-ext-definition/0.64.8/flexmark-ext-definition-0.64.8.jar:/Users/sarakarthik/.m2/repository/com/vladsch/flexmark/flexmark-ext-emoji/0.64.8/flexmark-ext-emoji-0.64.8.jar:/Users/sarakarthik/.m2/repository/com/vladsch/flexmark/flexmark-ext-enumerated-reference/0.64.8/flexmark-ext-enumerated-reference-0.64.8.jar:/Users/sarakarthik/.m2/repository/com/vladsch/flexmark/flexmark-ext-escaped-character/0.64.8/flexmark-ext-escaped-character-0.64.8.jar:/Users/sarakarthik/.m2/repository/com/vladsch/flexmark/flexmark-ext-footnotes/0.64.8/flexmark-ext-footnotes-0.64.8.jar:/Users/sarakarthik/.m2/repository/com/vladsch/flexmark/flexmark-ext-gfm-issues/0.64.8/flexmark-ext-gfm-issues-0.64.8.jar:/Users/sarakarthik/.m2/repository/com/vladsch/flexmark/flexmark-ext-gfm-strikethrough/0.64.8/flexmark-ext-gfm-strikethrough-0.64.8.jar:/Users/sarakarthik/.m2/repository/com/vladsch/flexmark/flexmark-ext-gfm-tasklist/0.64.8/flexmark-ext-gfm-tasklist-0.64.8.jar:/Users/sarakarthik/.m2/repository/com/vladsch/flexmark/flexmark-ext-gfm-users/0.64.8/flexmark-ext-gfm-users-0.64.8.jar:/Users/sarakarthik/.m2/repository/com/vladsch/flexmark/flexmark-ext-gitlab/0.64.8/flexmark-ext-gitlab-0.64.8.jar:/Users/sarakarthik/.m2/repository/com/vladsch/flexmark/flexmark-ext-jekyll-front-matter/0.64.8/flexmark-ext-jekyll-front-matter-0.64.8.jar:/Users/sarakarthik/.m2/repository/com/vladsch/flexmark/flexmark-ext-jekyll-tag/0.64.8/flexmark-ext-jekyll-tag-0.64.8.jar:/Users/sarakarthik/.m2/repository/com/vladsch/flexmark/flexmark-ext-media-tags/0.64.8/flexmark-ext-media-tags-0.64.8.jar:/Users/sarakarthik/.m2/repository/com/vladsch/flexmark/flexmark-ext-macros/0.64.8/flexmark-ext-macros-0.64.8.jar:/Users/sarakarthik/.m2/repository/com/vladsch/flexmark/flexmark-ext-ins/0.64.8/flexmark-ext-ins-0.64.8.jar:/Users/sarakarthik/.m2/repository/com/vladsch/flexmark/flexmark-ext-xwiki-macros/0.64.8/flexmark-ext-xwiki-macros-0.64.8.jar:/Users/sarakarthik/.m2/repository/com/vladsch/flexmark/flexmark-ext-superscript/0.64.8/flexmark-ext-superscript-0.64.8.jar:/Users/sarakarthik/.m2/repository/com/vladsch/flexmark/flexmark-ext-toc/0.64.8/flexmark-ext-toc-0.64.8.jar:/Users/sarakarthik/.m2/repository/com/vladsch/flexmark/flexmark-ext-typographic/0.64.8/flexmark-ext-typographic-0.64.8.jar:/Users/sarakarthik/.m2/repository/com/vladsch/flexmark/flexmark-ext-wikilink/0.64.8/flexmark-ext-wikilink-0.64.8.jar:/Users/sarakarthik/.m2/repository/com/vladsch/flexmark/flexmark-ext-yaml-front-matter/0.64.8/flexmark-ext-yaml-front-matter-0.64.8.jar:/Users/sarakarthik/.m2/repository/com/vladsch/flexmark/flexmark-ext-youtube-embedded/0.64.8/flexmark-ext-youtube-embedded-0.64.8.jar:/Users/sarakarthik/.m2/repository/com/vladsch/flexmark/flexmark-html2md-converter/0.64.8/flexmark-html2md-converter-0.64.8.jar:/Users/sarakarthik/.m2/repository/com/vladsch/flexmark/flexmark-jira-converter/0.64.8/flexmark-jira-converter-0.64.8.jar:/Users/sarakarthik/.m2/repository/com/vladsch/flexmark/flexmark-pdf-converter/0.64.8/flexmark-pdf-converter-0.64.8.jar:/Users/sarakarthik/.m2/repository/com/openhtmltopdf/openhtmltopdf-core/1.0.10/openhtmltopdf-core-1.0.10.jar:/Users/sarakarthik/.m2/repository/com/openhtmltopdf/openhtmltopdf-pdfbox/1.0.10/openhtmltopdf-pdfbox-1.0.10.jar:/Users/sarakarthik/.m2/repository/org/apache/pdfbox/pdfbox/2.0.24/pdfbox-2.0.24.jar:/Users/sarakarthik/.m2/repository/org/apache/pdfbox/fontbox/2.0.24/fontbox-2.0.24.jar:/Users/sarakarthik/.m2/repository/org/apache/pdfbox/xmpbox/2.0.24/xmpbox-2.0.24.jar:/Users/sarakarthik/.m2/repository/de/rototor/pdfbox/graphics2d/0.32/graphics2d-0.32.jar:/Users/sarakarthik/.m2/repository/com/openhtmltopdf/openhtmltopdf-rtl-support/1.0.10/openhtmltopdf-rtl-support-1.0.10.jar:/Users/sarakarthik/.m2/repository/com/vladsch/flexmark/flexmark-profile-pegdown/0.64.8/flexmark-profile-pegdown-0.64.8.jar:/Users/sarakarthik/.m2/repository/com/vladsch/flexmark/flexmark-util-ast/0.64.8/flexmark-util-ast-0.64.8.jar:/Users/sarakarthik/.m2/repository/com/vladsch/flexmark/flexmark-util-builder/0.64.8/flexmark-util-builder-0.64.8.jar:/Users/sarakarthik/.m2/repository/com/vladsch/flexmark/flexmark-util-collection/0.64.8/flexmark-util-collection-0.64.8.jar:/Users/sarakarthik/.m2/repository/com/vladsch/flexmark/flexmark-util-data/0.64.8/flexmark-util-data-0.64.8.jar:/Users/sarakarthik/.m2/repository/com/vladsch/flexmark/flexmark-util-dependency/0.64.8/flexmark-util-dependency-0.64.8.jar:/Users/sarakarthik/.m2/repository/com/vladsch/flexmark/flexmark-util-format/0.64.8/flexmark-util-format-0.64.8.jar:/Users/sarakarthik/.m2/repository/com/vladsch/flexmark/flexmark-util-html/0.64.8/flexmark-util-html-0.64.8.jar:/Users/sarakarthik/.m2/repository/com/vladsch/flexmark/flexmark-util-misc/0.64.8/flexmark-util-misc-0.64.8.jar:/Users/sarakarthik/.m2/repository/com/vladsch/flexmark/flexmark-util-options/0.64.8/flexmark-util-options-0.64.8.jar:/Users/sarakarthik/.m2/repository/com/vladsch/flexmark/flexmark-util-sequence/0.64.8/flexmark-util-sequence-0.64.8.jar:/Users/sarakarthik/.m2/repository/com/vladsch/flexmark/flexmark-util-visitor/0.64.8/flexmark-util-visitor-0.64.8.jar:/Users/sarakarthik/.m2/repository/com/vladsch/flexmark/flexmark-youtrack-converter/0.64.8/flexmark-youtrack-converter-0.64.8.jar:/Users/sarakarthik/.m2/repository/com/vladsch/flexmark/flexmark-ext-resizable-image/0.64.8/flexmark-ext-resizable-image-0.64.8.jar:/Users/sarakarthik/.m2/repository/com/vladsch/flexmark/flexmark-ext-tables/0.64.8/flexmark-ext-tables-0.64.8.jar:/Users/sarakarthik/.m2/repository/com/vladsch/flexmark/flexmark-util/0.64.8/flexmark-util-0.64.8.jar:/Users/sarakarthik/.m2/repository/net/serenity-bdd/serenity-reports/4.0.15/serenity-reports-4.0.15.jar:/Users/sarakarthik/.m2/repository/net/serenity-bdd/serenity-stats/4.0.15/serenity-stats-4.0.15.jar:/Users/sarakarthik/.m2/repository/net/serenity-bdd/serenity-reports-configuration/4.0.15/serenity-reports-configuration-4.0.15.jar:/Users/sarakarthik/.m2/repository/com/ibm/icu/icu4j/72.1/icu4j-72.1.jar:/Users/sarakarthik/.m2/repository/es/nitaur/markdown/txtmark/0.16/txtmark-0.16.jar:/Users/sarakarthik/.m2/repository/net/serenity-bdd/serenity-report-resources/4.0.15/serenity-report-resources-4.0.15.jar:/Users/sarakarthik/.m2/repository/com/google/code/gson/gson/2.10.1/gson-2.10.1.jar:/Users/sarakarthik/.m2/repository/com/fasterxml/jackson/core/jackson-core/2.15.2/jackson-core-2.15.2.jar:/Users/sarakarthik/.m2/repository/com/fasterxml/jackson/core/jackson-databind/2.15.2/jackson-databind-2.15.2.jar:/Users/sarakarthik/.m2/repository/com/fasterxml/jackson/core/jackson-annotations/2.15.2/jackson-annotations-2.15.2.jar:/Users/sarakarthik/.m2/repository/commons-codec/commons-codec/1.16.0/commons-codec-1.16.0.jar:/Users/sarakarthik/.m2/repository/commons-io/commons-io/2.11.0/commons-io-2.11.0.jar:/Users/sarakarthik/.m2/repository/org/apache/httpcomponents/httpclient/4.5.13/httpclient-4.5.13.jar:/Users/sarakarthik/.m2/repository/org/apache/httpcomponents/httpcore/4.4.13/httpcore-4.4.13.jar:/Users/sarakarthik/.m2/repository/commons-logging/commons-logging/1.2/commons-logging-1.2.jar:/Users/sarakarthik/.m2/repository/org/seleniumhq/selenium/selenium-java/4.14.1/selenium-java-4.14.1.jar:/Users/sarakarthik/.m2/repository/org/seleniumhq/selenium/selenium-devtools-v116/4.14.1/selenium-devtools-v116-4.14.1.jar:/Users/sarakarthik/.m2/repository/org/seleniumhq/selenium/selenium-devtools-v117/4.14.1/selenium-devtools-v117-4.14.1.jar:/Users/sarakarthik/.m2/repository/org/seleniumhq/selenium/selenium-devtools-v118/4.14.1/selenium-devtools-v118-4.14.1.jar:/Users/sarakarthik/.m2/repository/org/seleniumhq/selenium/selenium-devtools-v85/4.14.1/selenium-devtools-v85-4.14.1.jar:/Users/sarakarthik/.m2/repository/org/seleniumhq/selenium/selenium-remote-driver/4.14.1/selenium-remote-driver-4.14.1.jar:/Users/sarakarthik/.m2/repository/io/opentelemetry/opentelemetry-api/1.28.0/opentelemetry-api-1.28.0.jar:/Users/sarakarthik/.m2/repository/io/opentelemetry/opentelemetry-context/1.28.0/opentelemetry-context-1.28.0.jar:/Users/sarakarthik/.m2/repository/io/opentelemetry/opentelemetry-exporter-logging/1.28.0/opentelemetry-exporter-logging-1.28.0.jar:/Users/sarakarthik/.m2/repository/io/opentelemetry/opentelemetry-sdk-metrics/1.28.0/opentelemetry-sdk-metrics-1.28.0.jar:/Users/sarakarthik/.m2/repository/io/opentelemetry/opentelemetry-extension-incubator/1.28.0-alpha/opentelemetry-extension-incubator-1.28.0-alpha.jar:/Users/sarakarthik/.m2/repository/io/opentelemetry/opentelemetry-sdk-logs/1.28.0/opentelemetry-sdk-logs-1.28.0.jar:/Users/sarakarthik/.m2/repository/io/opentelemetry/opentelemetry-sdk-common/1.28.0/opentelemetry-sdk-common-1.28.0.jar:/Users/sarakarthik/.m2/repository/io/opentelemetry/opentelemetry-sdk-extension-autoconfigure-spi/1.28.0/opentelemetry-sdk-extension-autoconfigure-spi-1.28.0.jar:/Users/sarakarthik/.m2/repository/io/opentelemetry/opentelemetry-sdk-extension-autoconfigure/1.28.0/opentelemetry-sdk-extension-autoconfigure-1.28.0.jar:/Users/sarakarthik/.m2/repository/io/opentelemetry/opentelemetry-api-events/1.28.0-alpha/opentelemetry-api-events-1.28.0-alpha.jar:/Users/sarakarthik/.m2/repository/io/opentelemetry/opentelemetry-sdk-trace/1.28.0/opentelemetry-sdk-trace-1.28.0.jar:/Users/sarakarthik/.m2/repository/io/opentelemetry/opentelemetry-sdk/1.28.0/opentelemetry-sdk-1.28.0.jar:/Users/sarakarthik/.m2/repository/io/opentelemetry/opentelemetry-semconv/1.28.0-alpha/opentelemetry-semconv-1.28.0-alpha.jar:/Users/sarakarthik/.m2/repository/org/seleniumhq/selenium/selenium-os/4.14.1/selenium-os-4.14.1.jar:/Users/sarakarthik/.m2/repository/org/apache/commons/commons-exec/1.3/commons-exec-1.3.jar:/Users/sarakarthik/.m2/repository/org/seleniumhq/selenium/selenium-safari-driver/4.14.1/selenium-safari-driver-4.14.1.jar:/Users/sarakarthik/.m2/repository/org/seleniumhq/selenium/selenium-api/4.14.1/selenium-api-4.14.1.jar:/Users/sarakarthik/.m2/repository/org/seleniumhq/selenium/selenium-support/4.14.1/selenium-support-4.14.1.jar:/Users/sarakarthik/.m2/repository/com/google/auto/service/auto-service-annotations/1.1.1/auto-service-annotations-1.1.1.jar:/Users/sarakarthik/.m2/repository/org/seleniumhq/selenium/selenium-json/4.14.1/selenium-json-4.14.1.jar:/Users/sarakarthik/.m2/repository/org/seleniumhq/selenium/selenium-chrome-driver/4.14.1/selenium-chrome-driver-4.14.1.jar:/Users/sarakarthik/.m2/repository/org/seleniumhq/selenium/selenium-chromium-driver/4.14.1/selenium-chromium-driver-4.14.1.jar:/Users/sarakarthik/.m2/repository/org/seleniumhq/selenium/selenium-manager/4.14.1/selenium-manager-4.14.1.jar:/Users/sarakarthik/.m2/repository/org/seleniumhq/selenium/selenium-firefox-driver/4.14.1/selenium-firefox-driver-4.14.1.jar:/Users/sarakarthik/.m2/repository/org/seleniumhq/selenium/selenium-http/4.14.1/selenium-http-4.14.1.jar:/Users/sarakarthik/.m2/repository/dev/failsafe/failsafe/3.3.2/failsafe-3.3.2.jar:/Users/sarakarthik/.m2/repository/org/seleniumhq/selenium/selenium-edge-driver/4.14.1/selenium-edge-driver-4.14.1.jar:/Users/sarakarthik/.m2/repository/org/seleniumhq/selenium/selenium-ie-driver/4.14.1/selenium-ie-driver-4.14.1.jar:/Users/sarakarthik/.m2/repository/org/htmlunit/htmlunit/3.4.0/htmlunit-3.4.0.jar:/Users/sarakarthik/.m2/repository/org/apache/httpcomponents/httpmime/4.5.14/httpmime-4.5.14.jar:/Users/sarakarthik/.m2/repository/org/htmlunit/htmlunit-core-js/3.4.0/htmlunit-core-js-3.4.0.jar:/Users/sarakarthik/.m2/repository/org/htmlunit/neko-htmlunit/3.4.0/neko-htmlunit-3.4.0.jar:/Users/sarakarthik/.m2/repository/org/htmlunit/htmlunit-cssparser/3.4.0/htmlunit-cssparser-3.4.0.jar:/Users/sarakarthik/.m2/repository/org/htmlunit/htmlunit-xpath/3.4.0/htmlunit-xpath-3.4.0.jar:/Users/sarakarthik/.m2/repository/org/brotli/dec/0.1.2/dec-0.1.2.jar:/Users/sarakarthik/.m2/repository/com/shapesecurity/salvation2/3.0.1/salvation2-3.0.1.jar:/Users/sarakarthik/.m2/repository/org/eclipse/jetty/websocket/websocket-client/9.4.51.v20230217/websocket-client-9.4.51.v20230217.jar:/Users/sarakarthik/.m2/repository/org/eclipse/jetty/jetty-client/9.4.51.v20230217/jetty-client-9.4.51.v20230217.jar:/Users/sarakarthik/.m2/repository/org/eclipse/jetty/jetty-http/9.4.51.v20230217/jetty-http-9.4.51.v20230217.jar:/Users/sarakarthik/.m2/repository/org/eclipse/jetty/jetty-util/9.4.51.v20230217/jetty-util-9.4.51.v20230217.jar:/Users/sarakarthik/.m2/repository/org/eclipse/jetty/jetty-io/9.4.51.v20230217/jetty-io-9.4.51.v20230217.jar:/Users/sarakarthik/.m2/repository/org/eclipse/jetty/websocket/websocket-common/9.4.51.v20230217/websocket-common-9.4.51.v20230217.jar:/Users/sarakarthik/.m2/repository/org/eclipse/jetty/websocket/websocket-api/9.4.51.v20230217/websocket-api-9.4.51.v20230217.jar:/Users/sarakarthik/.m2/repository/org/seleniumhq/selenium/htmlunit3-driver/4.10.0/htmlunit3-driver-4.10.0.jar:/Users/sarakarthik/.m2/repository/io/appium/java-client/8.5.1/java-client-8.5.1.jar:/Users/sarakarthik/.m2/repository/commons-validator/commons-validator/1.7/commons-validator-1.7.jar:/Users/sarakarthik/.m2/repository/commons-beanutils/commons-beanutils/1.9.4/commons-beanutils-1.9.4.jar:/Users/sarakarthik/.m2/repository/commons-digester/commons-digester/2.1/commons-digester-2.1.jar:/Users/sarakarthik/.m2/repository/org/apache/groovy/groovy/4.0.13/groovy-4.0.13.jar:/Users/sarakarthik/.m2/repository/net/sf/opencsv/opencsv/2.0/opencsv-2.0.jar:/Users/sarakarthik/.m2/repository/org/apache/commons/commons-lang3/3.13.0/commons-lang3-3.13.0.jar:/Users/sarakarthik/.m2/repository/org/apache/commons/commons-compress/1.23.0/commons-compress-1.23.0.jar:/Users/sarakarthik/.m2/repository/org/fluentlenium/fluentlenium-core/0.10.2/fluentlenium-core-0.10.2.jar:/Users/sarakarthik/.m2/repository/com/jhlabs/filters/2.0.235/filters-2.0.235.jar:/Users/sarakarthik/.m2/repository/com/paulhammant/ngwebdriver/1.1.6/ngwebdriver-1.1.6.jar:/Users/sarakarthik/.m2/repository/joda-time/joda-time/2.12.2/joda-time-2.12.2.jar:/Users/sarakarthik/.m2/repository/org/hamcrest/hamcrest/2.2/hamcrest-2.2.jar:/Users/sarakarthik/.m2/repository/com/google/jimfs/jimfs/1.3.0/jimfs-1.3.0.jar:/Users/sarakarthik/.m2/repository/org/mockito/mockito-core/3.3.3/mockito-core-3.3.3.jar:/Users/sarakarthik/.m2/repository/javax/xml/bind/jaxb-api/2.3.1/jaxb-api-2.3.1.jar:/Users/sarakarthik/.m2/repository/javax/activation/javax.activation-api/1.2.0/javax.activation-api-1.2.0.jar:/Users/sarakarthik/.m2/repository/com/sun/xml/bind/jaxb-core/2.3.0.1/jaxb-core-2.3.0.1.jar:/Users/sarakarthik/.m2/repository/com/sun/xml/bind/jaxb-impl/2.3.3/jaxb-impl-2.3.3.jar:/Users/sarakarthik/.m2/repository/jakarta/xml/bind/jakarta.xml.bind-api/2.3.3/jakarta.xml.bind-api-2.3.3.jar:/Users/sarakarthik/.m2/repository/com/sun/activation/jakarta.activation/1.2.2/jakarta.activation-1.2.2.jar:/Users/sarakarthik/.m2/repository/javax/activation/activation/1.1.1/activation-1.1.1.jar:/Users/sarakarthik/.m2/repository/net/serenity-bdd/serenity-cucumber/4.0.15/serenity-cucumber-4.0.15.jar:/Users/sarakarthik/.m2/repository/io/cucumber/cucumber-core/7.14.0/cucumber-core-7.14.0.jar:/Users/sarakarthik/.m2/repository/io/cucumber/cucumber-gherkin/7.14.0/cucumber-gherkin-7.14.0.jar:/Users/sarakarthik/.m2/repository/io/cucumber/cucumber-gherkin-messages/7.14.0/cucumber-gherkin-messages-7.14.0.jar:/Users/sarakarthik/.m2/repository/io/cucumber/gherkin/26.2.0/gherkin-26.2.0.jar:/Users/sarakarthik/.m2/repository/io/cucumber/messages/22.0.0/messages-22.0.0.jar:/Users/sarakarthik/.m2/repository/io/cucumber/tag-expressions/5.0.6/tag-expressions-5.0.6.jar:/Users/sarakarthik/.m2/repository/io/cucumber/cucumber-expressions/16.1.2/cucumber-expressions-16.1.2.jar:/Users/sarakarthik/.m2/repository/io/cucumber/datatable/7.14.0/datatable-7.14.0.jar:/Users/sarakarthik/.m2/repository/io/cucumber/cucumber-plugin/7.14.0/cucumber-plugin-7.14.0.jar:/Users/sarakarthik/.m2/repository/io/cucumber/docstring/7.14.0/docstring-7.14.0.jar:/Users/sarakarthik/.m2/repository/io/cucumber/html-formatter/20.4.0/html-formatter-20.4.0.jar:/Users/sarakarthik/.m2/repository/io/cucumber/junit-xml-formatter/0.2.0/junit-xml-formatter-0.2.0.jar:/Users/sarakarthik/.m2/repository/io/cucumber/ci-environment/9.2.0/ci-environment-9.2.0.jar:/Users/sarakarthik/.m2/repository/io/cucumber/cucumber-java/7.14.0/cucumber-java-7.14.0.jar:/Users/sarakarthik/.m2/repository/io/cucumber/cucumber-junit/7.14.0/cucumber-junit-7.14.0.jar:/Users/sarakarthik/.m2/repository/org/apache/commons/commons-csv/1.5/commons-csv-1.5.jar:/Users/sarakarthik/.m2/repository/net/serenity-bdd/serenity-screenplay/4.0.15/serenity-screenplay-4.0.15.jar:/Users/sarakarthik/.m2/repository/net/serenity-bdd/serenity-screenplay-webdriver/4.0.15/serenity-screenplay-webdriver-4.0.15.jar:/Users/sarakarthik/.m2/repository/net/serenity-bdd/serenity-ensure/4.0.15/serenity-ensure-4.0.15.jar:/Users/sarakarthik/.m2/repository/org/jetbrains/kotlin/kotlin-stdlib/1.9.0/kotlin-stdlib-1.9.0.jar:/Users/sarakarthik/.m2/repository/org/jetbrains/kotlin/kotlin-stdlib-common/1.9.0/kotlin-stdlib-common-1.9.0.jar:/Users/sarakarthik/.m2/repository/org/jetbrains/annotations/13.0/annotations-13.0.jar:/Users/sarakarthik/.m2/repository/org/junit/platform/junit-platform-launcher/1.10.0/junit-platform-launcher-1.10.0.jar:/Users/sarakarthik/.m2/repository/org/junit/platform/junit-platform-engine/1.10.0/junit-platform-engine-1.10.0.jar:/Users/sarakarthik/.m2/repository/org/junit/platform/junit-platform-commons/1.10.0/junit-platform-commons-1.10.0.jar:/Users/sarakarthik/.m2/repository/org/apiguardian/apiguardian-api/1.1.2/apiguardian-api-1.1.2.jar:/Users/sarakarthik/.m2/repository/io/cucumber/cucumber-junit-platform-engine/7.14.0/cucumber-junit-platform-engine-7.14.0.jar:/Users/sarakarthik/.m2/repository/org/junit/platform/junit-platform-suite/1.10.0/junit-platform-suite-1.10.0.jar:/Users/sarakarthik/.m2/repository/org/junit/platform/junit-platform-suite-api/1.10.0/junit-platform-suite-api-1.10.0.jar:/Users/sarakarthik/.m2/repository/org/junit/platform/junit-platform-suite-engine/1.10.0/junit-platform-suite-engine-1.10.0.jar:/Users/sarakarthik/.m2/repository/org/junit/platform/junit-platform-suite-commons/1.10.0/junit-platform-suite-commons-1.10.0.jar:/Users/sarakarthik/.m2/repository/org/junit/jupiter/junit-jupiter-engine/5.1.0/junit-jupiter-engine-5.1.0.jar:/Users/sarakarthik/.m2/repository/org/junit/jupiter/junit-jupiter-api/5.1.0/junit-jupiter-api-5.1.0.jar:/Users/sarakarthik/.m2/repository/org/junit/vintage/junit-vintage-engine/5.1.0/junit-vintage-engine-5.1.0.jar:/Users/sarakarthik/.m2/repository/junit/junit/4.12/junit-4.12.jar:/Users/sarakarthik/.m2/repository/org/hamcrest/hamcrest-core/1.3/hamcrest-core-1.3.jar:/Users/sarakarthik/.m2/repository/ch/qos/logback/logback-classic/1.2.10/logback-classic-1.2.10.jar:/Users/sarakarthik/.m2/repository/ch/qos/logback/logback-core/1.2.10/logback-core-1.2.10.jar:/Users/sarakarthik/.m2/repository/org/slf4j/slf4j-api/1.7.32/slf4j-api-1.7.32.jar:/Users/sarakarthik/.m2/repository/org/assertj/assertj-core/3.23.1/assertj-core-3.23.1.jar:/Users/sarakarthik/.m2/repository/net/bytebuddy/byte-buddy/1.12.10/byte-buddy-1.12.10.jar:/Users/sarakarthik/.m2/repository/net/serenity-bdd/serenity-rest-assured/4.0.15/serenity-rest-assured-4.0.15.jar:/Users/sarakarthik/.m2/repository/io/rest-assured/rest-assured/5.3.2/rest-assured-5.3.2.jar:/Users/sarakarthik/.m2/repository/org/ccil/cowan/tagsoup/tagsoup/1.2.1/tagsoup-1.2.1.jar:/Users/sarakarthik/.m2/repository/io/rest-assured/json-path/5.3.2/json-path-5.3.2.jar:/Users/sarakarthik/.m2/repository/io/rest-assured/rest-assured-common/5.3.2/rest-assured-common-5.3.2.jar:/Users/sarakarthik/.m2/repository/io/rest-assured/xml-path/5.3.2/xml-path-5.3.2.jar:/Users/sarakarthik/.m2/repository/org/apache/groovy/groovy-json/4.0.13/groovy-json-4.0.13.jar:/Users/sarakarthik/.m2/repository/org/apache/groovy/groovy-xml/4.0.13/groovy-xml-4.0.13.jar:/Users/sarakarthik/.m2/repository/org/opentest4j/opentest4j/1.2.0/opentest4j-1.2.0.jar:"/>
    <property name="java.vm.vendor" value="Oracle Corporation"/>
    <property name="sun.arch.data.model" value="64"/>
    <property name="java.vendor.url" value="https://java.oracle.com/"/>
    <property name="user.timezone" value="Europe/London"/>
    <property name="os.name" value="Mac OS X"/>
    <property name="java.vm.specification.version" value="21"/>
    <property name="sun.java.launcher" value="SUN_STANDARD"/>
    <property name="user.country" value="GB"/>
    <property name="sun.boot.library.path" value="/Users/sarakarthik/Library/Java/JavaVirtualMachines/openjdk-21.0.1/Contents/Home/lib"/>
    <property name="sun.java.command" value="/Users/sarakarthik/Documents/seo_technical_assessment_starter/target/surefire/surefirebooter-20231129223230536_3.jar /Users/sarakarthik/Documents/seo_technical_assessment_starter/target/surefire 2023-11-29T22-32-30_449-jvmRun1 surefire-20231129223230536_1tmp surefire_0-20231129223230536_2tmp"/>
    <property name="http.nonProxyHosts" value="local|*.local|169.254/16|*.169.254/16"/>
    <property name="jdk.debug" value="release"/>
    <property name="surefire.test.class.path" value="/Users/sarakarthik/Documents/seo_technical_assessment_starter/target/test-classes:/Users/sarakarthik/Documents/seo_technical_assessment_starter/target/seo-technical-task-1.0-SNAPSHOT.jar:/Users/sarakarthik/.m2/repository/net/serenity-bdd/serenity-core/4.0.15/serenity-core-4.0.15.jar:/Users/sarakarthik/.m2/repository/net/serenity-bdd/serenity-model/4.0.15/serenity-model-4.0.15.jar:/Users/sarakarthik/.m2/repository/org/apache/commons/commons-text/1.10.0/commons-text-1.10.0.jar:/Users/sarakarthik/.m2/repository/commons-net/commons-net/3.9.0/commons-net-3.9.0.jar:/Users/sarakarthik/.m2/repository/com/google/guava/guava/32.1.2-jre/guava-32.1.2-jre.jar:/Users/sarakarthik/.m2/repository/com/google/guava/failureaccess/1.0.1/failureaccess-1.0.1.jar:/Users/sarakarthik/.m2/repository/com/google/guava/listenablefuture/9999.0-empty-to-avoid-conflict-with-guava/listenablefuture-9999.0-empty-to-avoid-conflict-with-guava.jar:/Users/sarakarthik/.m2/repository/com/google/code/findbugs/jsr305/3.0.2/jsr305-3.0.2.jar:/Users/sarakarthik/.m2/repository/org/checkerframework/checker-qual/3.33.0/checker-qual-3.33.0.jar:/Users/sarakarthik/.m2/repository/com/google/errorprone/error_prone_annotations/2.18.0/error_prone_annotations-2.18.0.jar:/Users/sarakarthik/.m2/repository/com/google/j2objc/j2objc-annotations/2.8/j2objc-annotations-2.8.jar:/Users/sarakarthik/.m2/repository/org/jsoup/jsoup/1.15.4/jsoup-1.15.4.jar:/Users/sarakarthik/.m2/repository/com/thoughtworks/xstream/xstream/1.4.20/xstream-1.4.20.jar:/Users/sarakarthik/.m2/repository/io/github/x-stream/mxparser/1.2.2/mxparser-1.2.2.jar:/Users/sarakarthik/.m2/repository/xmlpull/xmlpull/1.1.3.1/xmlpull-1.1.3.1.jar:/Users/sarakarthik/.m2/repository/com/typesafe/config/1.4.2/config-1.4.2.jar:/Users/sarakarthik/.m2/repository/org/imgscalr/imgscalr-lib/4.2/imgscalr-lib-4.2.jar:/Users/sarakarthik/.m2/repository/org/awaitility/awaitility/4.2.0/awaitility-4.2.0.jar:/Users/sarakarthik/.m2/repository/org/freemarker/freemarker/2.3.32/freemarker-2.3.32.jar:/Users/sarakarthik/.m2/repository/io/github/classgraph/classgraph/4.8.157/classgraph-4.8.157.jar:/Users/sarakarthik/.m2/repository/com/github/ben-manes/caffeine/caffeine/2.9.2/caffeine-2.9.2.jar:/Users/sarakarthik/.m2/repository/org/ehcache/ehcache/3.10.8/ehcache-3.10.8.jar:/Users/sarakarthik/.m2/repository/javax/cache/cache-api/1.1.0/cache-api-1.1.0.jar:/Users/sarakarthik/.m2/repository/net/sourceforge/jexcelapi/jxl/2.6.12/jxl-2.6.12.jar:/Users/sarakarthik/.m2/repository/net/bytebuddy/byte-buddy-agent/1.14.7/byte-buddy-agent-1.14.7.jar:/Users/sarakarthik/.m2/repository/org/objenesis/objenesis/3.3/objenesis-3.3.jar:/Users/sarakarthik/.m2/repository/com/vladsch/flexmark/flexmark-all/0.64.8/flexmark-all-0.64.8.jar:/Users/sarakarthik/.m2/repository/com/vladsch/flexmark/flexmark/0.64.8/flexmark-0.64.8.jar:/Users/sarakarthik/.m2/repository/com/vladsch/flexmark/flexmark-ext-abbreviation/0.64.8/flexmark-ext-abbreviation-0.64.8.jar:/Users/sarakarthik/.m2/repository/com/vladsch/flexmark/flexmark-ext-admonition/0.64.8/flexmark-ext-admonition-0.64.8.jar:/Users/sarakarthik/.m2/repository/com/vladsch/flexmark/flexmark-ext-anchorlink/0.64.8/flexmark-ext-anchorlink-0.64.8.jar:/Users/sarakarthik/.m2/repository/com/vladsch/flexmark/flexmark-ext-aside/0.64.8/flexmark-ext-aside-0.64.8.jar:/Users/sarakarthik/.m2/repository/com/vladsch/flexmark/flexmark-ext-attributes/0.64.8/flexmark-ext-attributes-0.64.8.jar:/Users/sarakarthik/.m2/repository/com/vladsch/flexmark/flexmark-ext-autolink/0.64.8/flexmark-ext-autolink-0.64.8.jar:/Users/sarakarthik/.m2/repository/org/nibor/autolink/autolink/0.6.0/autolink-0.6.0.jar:/Users/sarakarthik/.m2/repository/com/vladsch/flexmark/flexmark-ext-definition/0.64.8/flexmark-ext-definition-0.64.8.jar:/Users/sarakarthik/.m2/repository/com/vladsch/flexmark/flexmark-ext-emoji/0.64.8/flexmark-ext-emoji-0.64.8.jar:/Users/sarakarthik/.m2/repository/com/vladsch/flexmark/flexmark-ext-enumerated-reference/0.64.8/flexmark-ext-enumerated-reference-0.64.8.jar:/Users/sarakarthik/.m2/repository/com/vladsch/flexmark/flexmark-ext-escaped-character/0.64.8/flexmark-ext-escaped-character-0.64.8.jar:/Users/sarakarthik/.m2/repository/com/vladsch/flexmark/flexmark-ext-footnotes/0.64.8/flexmark-ext-footnotes-0.64.8.jar:/Users/sarakarthik/.m2/repository/com/vladsch/flexmark/flexmark-ext-gfm-issues/0.64.8/flexmark-ext-gfm-issues-0.64.8.jar:/Users/sarakarthik/.m2/repository/com/vladsch/flexmark/flexmark-ext-gfm-strikethrough/0.64.8/flexmark-ext-gfm-strikethrough-0.64.8.jar:/Users/sarakarthik/.m2/repository/com/vladsch/flexmark/flexmark-ext-gfm-tasklist/0.64.8/flexmark-ext-gfm-tasklist-0.64.8.jar:/Users/sarakarthik/.m2/repository/com/vladsch/flexmark/flexmark-ext-gfm-users/0.64.8/flexmark-ext-gfm-users-0.64.8.jar:/Users/sarakarthik/.m2/repository/com/vladsch/flexmark/flexmark-ext-gitlab/0.64.8/flexmark-ext-gitlab-0.64.8.jar:/Users/sarakarthik/.m2/repository/com/vladsch/flexmark/flexmark-ext-jekyll-front-matter/0.64.8/flexmark-ext-jekyll-front-matter-0.64.8.jar:/Users/sarakarthik/.m2/repository/com/vladsch/flexmark/flexmark-ext-jekyll-tag/0.64.8/flexmark-ext-jekyll-tag-0.64.8.jar:/Users/sarakarthik/.m2/repository/com/vladsch/flexmark/flexmark-ext-media-tags/0.64.8/flexmark-ext-media-tags-0.64.8.jar:/Users/sarakarthik/.m2/repository/com/vladsch/flexmark/flexmark-ext-macros/0.64.8/flexmark-ext-macros-0.64.8.jar:/Users/sarakarthik/.m2/repository/com/vladsch/flexmark/flexmark-ext-ins/0.64.8/flexmark-ext-ins-0.64.8.jar:/Users/sarakarthik/.m2/repository/com/vladsch/flexmark/flexmark-ext-xwiki-macros/0.64.8/flexmark-ext-xwiki-macros-0.64.8.jar:/Users/sarakarthik/.m2/repository/com/vladsch/flexmark/flexmark-ext-superscript/0.64.8/flexmark-ext-superscript-0.64.8.jar:/Users/sarakarthik/.m2/repository/com/vladsch/flexmark/flexmark-ext-toc/0.64.8/flexmark-ext-toc-0.64.8.jar:/Users/sarakarthik/.m2/repository/com/vladsch/flexmark/flexmark-ext-typographic/0.64.8/flexmark-ext-typographic-0.64.8.jar:/Users/sarakarthik/.m2/repository/com/vladsch/flexmark/flexmark-ext-wikilink/0.64.8/flexmark-ext-wikilink-0.64.8.jar:/Users/sarakarthik/.m2/repository/com/vladsch/flexmark/flexmark-ext-yaml-front-matter/0.64.8/flexmark-ext-yaml-front-matter-0.64.8.jar:/Users/sarakarthik/.m2/repository/com/vladsch/flexmark/flexmark-ext-youtube-embedded/0.64.8/flexmark-ext-youtube-embedded-0.64.8.jar:/Users/sarakarthik/.m2/repository/com/vladsch/flexmark/flexmark-html2md-converter/0.64.8/flexmark-html2md-converter-0.64.8.jar:/Users/sarakarthik/.m2/repository/com/vladsch/flexmark/flexmark-jira-converter/0.64.8/flexmark-jira-converter-0.64.8.jar:/Users/sarakarthik/.m2/repository/com/vladsch/flexmark/flexmark-pdf-converter/0.64.8/flexmark-pdf-converter-0.64.8.jar:/Users/sarakarthik/.m2/repository/com/openhtmltopdf/openhtmltopdf-core/1.0.10/openhtmltopdf-core-1.0.10.jar:/Users/sarakarthik/.m2/repository/com/openhtmltopdf/openhtmltopdf-pdfbox/1.0.10/openhtmltopdf-pdfbox-1.0.10.jar:/Users/sarakarthik/.m2/repository/org/apache/pdfbox/pdfbox/2.0.24/pdfbox-2.0.24.jar:/Users/sarakarthik/.m2/repository/org/apache/pdfbox/fontbox/2.0.24/fontbox-2.0.24.jar:/Users/sarakarthik/.m2/repository/org/apache/pdfbox/xmpbox/2.0.24/xmpbox-2.0.24.jar:/Users/sarakarthik/.m2/repository/de/rototor/pdfbox/graphics2d/0.32/graphics2d-0.32.jar:/Users/sarakarthik/.m2/repository/com/openhtmltopdf/openhtmltopdf-rtl-support/1.0.10/openhtmltopdf-rtl-support-1.0.10.jar:/Users/sarakarthik/.m2/repository/com/vladsch/flexmark/flexmark-profile-pegdown/0.64.8/flexmark-profile-pegdown-0.64.8.jar:/Users/sarakarthik/.m2/repository/com/vladsch/flexmark/flexmark-util-ast/0.64.8/flexmark-util-ast-0.64.8.jar:/Users/sarakarthik/.m2/repository/com/vladsch/flexmark/flexmark-util-builder/0.64.8/flexmark-util-builder-0.64.8.jar:/Users/sarakarthik/.m2/repository/com/vladsch/flexmark/flexmark-util-collection/0.64.8/flexmark-util-collection-0.64.8.jar:/Users/sarakarthik/.m2/repository/com/vladsch/flexmark/flexmark-util-data/0.64.8/flexmark-util-data-0.64.8.jar:/Users/sarakarthik/.m2/repository/com/vladsch/flexmark/flexmark-util-dependency/0.64.8/flexmark-util-dependency-0.64.8.jar:/Users/sarakarthik/.m2/repository/com/vladsch/flexmark/flexmark-util-format/0.64.8/flexmark-util-format-0.64.8.jar:/Users/sarakarthik/.m2/repository/com/vladsch/flexmark/flexmark-util-html/0.64.8/flexmark-util-html-0.64.8.jar:/Users/sarakarthik/.m2/repository/com/vladsch/flexmark/flexmark-util-misc/0.64.8/flexmark-util-misc-0.64.8.jar:/Users/sarakarthik/.m2/repository/com/vladsch/flexmark/flexmark-util-options/0.64.8/flexmark-util-options-0.64.8.jar:/Users/sarakarthik/.m2/repository/com/vladsch/flexmark/flexmark-util-sequence/0.64.8/flexmark-util-sequence-0.64.8.jar:/Users/sarakarthik/.m2/repository/com/vladsch/flexmark/flexmark-util-visitor/0.64.8/flexmark-util-visitor-0.64.8.jar:/Users/sarakarthik/.m2/repository/com/vladsch/flexmark/flexmark-youtrack-converter/0.64.8/flexmark-youtrack-converter-0.64.8.jar:/Users/sarakarthik/.m2/repository/com/vladsch/flexmark/flexmark-ext-resizable-image/0.64.8/flexmark-ext-resizable-image-0.64.8.jar:/Users/sarakarthik/.m2/repository/com/vladsch/flexmark/flexmark-ext-tables/0.64.8/flexmark-ext-tables-0.64.8.jar:/Users/sarakarthik/.m2/repository/com/vladsch/flexmark/flexmark-util/0.64.8/flexmark-util-0.64.8.jar:/Users/sarakarthik/.m2/repository/net/serenity-bdd/serenity-reports/4.0.15/serenity-reports-4.0.15.jar:/Users/sarakarthik/.m2/repository/net/serenity-bdd/serenity-stats/4.0.15/serenity-stats-4.0.15.jar:/Users/sarakarthik/.m2/repository/net/serenity-bdd/serenity-reports-configuration/4.0.15/serenity-reports-configuration-4.0.15.jar:/Users/sarakarthik/.m2/repository/com/ibm/icu/icu4j/72.1/icu4j-72.1.jar:/Users/sarakarthik/.m2/repository/es/nitaur/markdown/txtmark/0.16/txtmark-0.16.jar:/Users/sarakarthik/.m2/repository/net/serenity-bdd/serenity-report-resources/4.0.15/serenity-report-resources-4.0.15.jar:/Users/sarakarthik/.m2/repository/com/google/code/gson/gson/2.10.1/gson-2.10.1.jar:/Users/sarakarthik/.m2/repository/com/fasterxml/jackson/core/jackson-core/2.15.2/jackson-core-2.15.2.jar:/Users/sarakarthik/.m2/repository/com/fasterxml/jackson/core/jackson-databind/2.15.2/jackson-databind-2.15.2.jar:/Users/sarakarthik/.m2/repository/com/fasterxml/jackson/core/jackson-annotations/2.15.2/jackson-annotations-2.15.2.jar:/Users/sarakarthik/.m2/repository/commons-codec/commons-codec/1.16.0/commons-codec-1.16.0.jar:/Users/sarakarthik/.m2/repository/commons-io/commons-io/2.11.0/commons-io-2.11.0.jar:/Users/sarakarthik/.m2/repository/org/apache/httpcomponents/httpclient/4.5.13/httpclient-4.5.13.jar:/Users/sarakarthik/.m2/repository/org/apache/httpcomponents/httpcore/4.4.13/httpcore-4.4.13.jar:/Users/sarakarthik/.m2/repository/commons-logging/commons-logging/1.2/commons-logging-1.2.jar:/Users/sarakarthik/.m2/repository/org/seleniumhq/selenium/selenium-java/4.14.1/selenium-java-4.14.1.jar:/Users/sarakarthik/.m2/repository/org/seleniumhq/selenium/selenium-devtools-v116/4.14.1/selenium-devtools-v116-4.14.1.jar:/Users/sarakarthik/.m2/repository/org/seleniumhq/selenium/selenium-devtools-v117/4.14.1/selenium-devtools-v117-4.14.1.jar:/Users/sarakarthik/.m2/repository/org/seleniumhq/selenium/selenium-devtools-v118/4.14.1/selenium-devtools-v118-4.14.1.jar:/Users/sarakarthik/.m2/repository/org/seleniumhq/selenium/selenium-devtools-v85/4.14.1/selenium-devtools-v85-4.14.1.jar:/Users/sarakarthik/.m2/repository/org/seleniumhq/selenium/selenium-remote-driver/4.14.1/selenium-remote-driver-4.14.1.jar:/Users/sarakarthik/.m2/repository/io/opentelemetry/opentelemetry-api/1.28.0/opentelemetry-api-1.28.0.jar:/Users/sarakarthik/.m2/repository/io/opentelemetry/opentelemetry-context/1.28.0/opentelemetry-context-1.28.0.jar:/Users/sarakarthik/.m2/repository/io/opentelemetry/opentelemetry-exporter-logging/1.28.0/opentelemetry-exporter-logging-1.28.0.jar:/Users/sarakarthik/.m2/repository/io/opentelemetry/opentelemetry-sdk-metrics/1.28.0/opentelemetry-sdk-metrics-1.28.0.jar:/Users/sarakarthik/.m2/repository/io/opentelemetry/opentelemetry-extension-incubator/1.28.0-alpha/opentelemetry-extension-incubator-1.28.0-alpha.jar:/Users/sarakarthik/.m2/repository/io/opentelemetry/opentelemetry-sdk-logs/1.28.0/opentelemetry-sdk-logs-1.28.0.jar:/Users/sarakarthik/.m2/repository/io/opentelemetry/opentelemetry-sdk-common/1.28.0/opentelemetry-sdk-common-1.28.0.jar:/Users/sarakarthik/.m2/repository/io/opentelemetry/opentelemetry-sdk-extension-autoconfigure-spi/1.28.0/opentelemetry-sdk-extension-autoconfigure-spi-1.28.0.jar:/Users/sarakarthik/.m2/repository/io/opentelemetry/opentelemetry-sdk-extension-autoconfigure/1.28.0/opentelemetry-sdk-extension-autoconfigure-1.28.0.jar:/Users/sarakarthik/.m2/repository/io/opentelemetry/opentelemetry-api-events/1.28.0-alpha/opentelemetry-api-events-1.28.0-alpha.jar:/Users/sarakarthik/.m2/repository/io/opentelemetry/opentelemetry-sdk-trace/1.28.0/opentelemetry-sdk-trace-1.28.0.jar:/Users/sarakarthik/.m2/repository/io/opentelemetry/opentelemetry-sdk/1.28.0/opentelemetry-sdk-1.28.0.jar:/Users/sarakarthik/.m2/repository/io/opentelemetry/opentelemetry-semconv/1.28.0-alpha/opentelemetry-semconv-1.28.0-alpha.jar:/Users/sarakarthik/.m2/repository/org/seleniumhq/selenium/selenium-os/4.14.1/selenium-os-4.14.1.jar:/Users/sarakarthik/.m2/repository/org/apache/commons/commons-exec/1.3/commons-exec-1.3.jar:/Users/sarakarthik/.m2/repository/org/seleniumhq/selenium/selenium-safari-driver/4.14.1/selenium-safari-driver-4.14.1.jar:/Users/sarakarthik/.m2/repository/org/seleniumhq/selenium/selenium-api/4.14.1/selenium-api-4.14.1.jar:/Users/sarakarthik/.m2/repository/org/seleniumhq/selenium/selenium-support/4.14.1/selenium-support-4.14.1.jar:/Users/sarakarthik/.m2/repository/com/google/auto/service/auto-service-annotations/1.1.1/auto-service-annotations-1.1.1.jar:/Users/sarakarthik/.m2/repository/org/seleniumhq/selenium/selenium-json/4.14.1/selenium-json-4.14.1.jar:/Users/sarakarthik/.m2/repository/org/seleniumhq/selenium/selenium-chrome-driver/4.14.1/selenium-chrome-driver-4.14.1.jar:/Users/sarakarthik/.m2/repository/org/seleniumhq/selenium/selenium-chromium-driver/4.14.1/selenium-chromium-driver-4.14.1.jar:/Users/sarakarthik/.m2/repository/org/seleniumhq/selenium/selenium-manager/4.14.1/selenium-manager-4.14.1.jar:/Users/sarakarthik/.m2/repository/org/seleniumhq/selenium/selenium-firefox-driver/4.14.1/selenium-firefox-driver-4.14.1.jar:/Users/sarakarthik/.m2/repository/org/seleniumhq/selenium/selenium-http/4.14.1/selenium-http-4.14.1.jar:/Users/sarakarthik/.m2/repository/dev/failsafe/failsafe/3.3.2/failsafe-3.3.2.jar:/Users/sarakarthik/.m2/repository/org/seleniumhq/selenium/selenium-edge-driver/4.14.1/selenium-edge-driver-4.14.1.jar:/Users/sarakarthik/.m2/repository/org/seleniumhq/selenium/selenium-ie-driver/4.14.1/selenium-ie-driver-4.14.1.jar:/Users/sarakarthik/.m2/repository/org/htmlunit/htmlunit/3.4.0/htmlunit-3.4.0.jar:/Users/sarakarthik/.m2/repository/org/apache/httpcomponents/httpmime/4.5.14/httpmime-4.5.14.jar:/Users/sarakarthik/.m2/repository/org/htmlunit/htmlunit-core-js/3.4.0/htmlunit-core-js-3.4.0.jar:/Users/sarakarthik/.m2/repository/org/htmlunit/neko-htmlunit/3.4.0/neko-htmlunit-3.4.0.jar:/Users/sarakarthik/.m2/repository/org/htmlunit/htmlunit-cssparser/3.4.0/htmlunit-cssparser-3.4.0.jar:/Users/sarakarthik/.m2/repository/org/htmlunit/htmlunit-xpath/3.4.0/htmlunit-xpath-3.4.0.jar:/Users/sarakarthik/.m2/repository/org/brotli/dec/0.1.2/dec-0.1.2.jar:/Users/sarakarthik/.m2/repository/com/shapesecurity/salvation2/3.0.1/salvation2-3.0.1.jar:/Users/sarakarthik/.m2/repository/org/eclipse/jetty/websocket/websocket-client/9.4.51.v20230217/websocket-client-9.4.51.v20230217.jar:/Users/sarakarthik/.m2/repository/org/eclipse/jetty/jetty-client/9.4.51.v20230217/jetty-client-9.4.51.v20230217.jar:/Users/sarakarthik/.m2/repository/org/eclipse/jetty/jetty-http/9.4.51.v20230217/jetty-http-9.4.51.v20230217.jar:/Users/sarakarthik/.m2/repository/org/eclipse/jetty/jetty-util/9.4.51.v20230217/jetty-util-9.4.51.v20230217.jar:/Users/sarakarthik/.m2/repository/org/eclipse/jetty/jetty-io/9.4.51.v20230217/jetty-io-9.4.51.v20230217.jar:/Users/sarakarthik/.m2/repository/org/eclipse/jetty/websocket/websocket-common/9.4.51.v20230217/websocket-common-9.4.51.v20230217.jar:/Users/sarakarthik/.m2/repository/org/eclipse/jetty/websocket/websocket-api/9.4.51.v20230217/websocket-api-9.4.51.v20230217.jar:/Users/sarakarthik/.m2/repository/org/seleniumhq/selenium/htmlunit3-driver/4.10.0/htmlunit3-driver-4.10.0.jar:/Users/sarakarthik/.m2/repository/io/appium/java-client/8.5.1/java-client-8.5.1.jar:/Users/sarakarthik/.m2/repository/commons-validator/commons-validator/1.7/commons-validator-1.7.jar:/Users/sarakarthik/.m2/repository/commons-beanutils/commons-beanutils/1.9.4/commons-beanutils-1.9.4.jar:/Users/sarakarthik/.m2/repository/commons-digester/commons-digester/2.1/commons-digester-2.1.jar:/Users/sarakarthik/.m2/repository/org/apache/groovy/groovy/4.0.13/groovy-4.0.13.jar:/Users/sarakarthik/.m2/repository/net/sf/opencsv/opencsv/2.0/opencsv-2.0.jar:/Users/sarakarthik/.m2/repository/org/apache/commons/commons-lang3/3.13.0/commons-lang3-3.13.0.jar:/Users/sarakarthik/.m2/repository/org/apache/commons/commons-compress/1.23.0/commons-compress-1.23.0.jar:/Users/sarakarthik/.m2/repository/org/fluentlenium/fluentlenium-core/0.10.2/fluentlenium-core-0.10.2.jar:/Users/sarakarthik/.m2/repository/com/jhlabs/filters/2.0.235/filters-2.0.235.jar:/Users/sarakarthik/.m2/repository/com/paulhammant/ngwebdriver/1.1.6/ngwebdriver-1.1.6.jar:/Users/sarakarthik/.m2/repository/joda-time/joda-time/2.12.2/joda-time-2.12.2.jar:/Users/sarakarthik/.m2/repository/org/hamcrest/hamcrest/2.2/hamcrest-2.2.jar:/Users/sarakarthik/.m2/repository/com/google/jimfs/jimfs/1.3.0/jimfs-1.3.0.jar:/Users/sarakarthik/.m2/repository/org/mockito/mockito-core/3.3.3/mockito-core-3.3.3.jar:/Users/sarakarthik/.m2/repository/javax/xml/bind/jaxb-api/2.3.1/jaxb-api-2.3.1.jar:/Users/sarakarthik/.m2/repository/javax/activation/javax.activation-api/1.2.0/javax.activation-api-1.2.0.jar:/Users/sarakarthik/.m2/repository/com/sun/xml/bind/jaxb-core/2.3.0.1/jaxb-core-2.3.0.1.jar:/Users/sarakarthik/.m2/repository/com/sun/xml/bind/jaxb-impl/2.3.3/jaxb-impl-2.3.3.jar:/Users/sarakarthik/.m2/repository/jakarta/xml/bind/jakarta.xml.bind-api/2.3.3/jakarta.xml.bind-api-2.3.3.jar:/Users/sarakarthik/.m2/repository/com/sun/activation/jakarta.activation/1.2.2/jakarta.activation-1.2.2.jar:/Users/sarakarthik/.m2/repository/javax/activation/activation/1.1.1/activation-1.1.1.jar:/Users/sarakarthik/.m2/repository/net/serenity-bdd/serenity-cucumber/4.0.15/serenity-cucumber-4.0.15.jar:/Users/sarakarthik/.m2/repository/io/cucumber/cucumber-core/7.14.0/cucumber-core-7.14.0.jar:/Users/sarakarthik/.m2/repository/io/cucumber/cucumber-gherkin/7.14.0/cucumber-gherkin-7.14.0.jar:/Users/sarakarthik/.m2/repository/io/cucumber/cucumber-gherkin-messages/7.14.0/cucumber-gherkin-messages-7.14.0.jar:/Users/sarakarthik/.m2/repository/io/cucumber/gherkin/26.2.0/gherkin-26.2.0.jar:/Users/sarakarthik/.m2/repository/io/cucumber/messages/22.0.0/messages-22.0.0.jar:/Users/sarakarthik/.m2/repository/io/cucumber/tag-expressions/5.0.6/tag-expressions-5.0.6.jar:/Users/sarakarthik/.m2/repository/io/cucumber/cucumber-expressions/16.1.2/cucumber-expressions-16.1.2.jar:/Users/sarakarthik/.m2/repository/io/cucumber/datatable/7.14.0/datatable-7.14.0.jar:/Users/sarakarthik/.m2/repository/io/cucumber/cucumber-plugin/7.14.0/cucumber-plugin-7.14.0.jar:/Users/sarakarthik/.m2/repository/io/cucumber/docstring/7.14.0/docstring-7.14.0.jar:/Users/sarakarthik/.m2/repository/io/cucumber/html-formatter/20.4.0/html-formatter-20.4.0.jar:/Users/sarakarthik/.m2/repository/io/cucumber/junit-xml-formatter/0.2.0/junit-xml-formatter-0.2.0.jar:/Users/sarakarthik/.m2/repository/io/cucumber/ci-environment/9.2.0/ci-environment-9.2.0.jar:/Users/sarakarthik/.m2/repository/io/cucumber/cucumber-java/7.14.0/cucumber-java-7.14.0.jar:/Users/sarakarthik/.m2/repository/io/cucumber/cucumber-junit/7.14.0/cucumber-junit-7.14.0.jar:/Users/sarakarthik/.m2/repository/org/apache/commons/commons-csv/1.5/commons-csv-1.5.jar:/Users/sarakarthik/.m2/repository/net/serenity-bdd/serenity-screenplay/4.0.15/serenity-screenplay-4.0.15.jar:/Users/sarakarthik/.m2/repository/net/serenity-bdd/serenity-screenplay-webdriver/4.0.15/serenity-screenplay-webdriver-4.0.15.jar:/Users/sarakarthik/.m2/repository/net/serenity-bdd/serenity-ensure/4.0.15/serenity-ensure-4.0.15.jar:/Users/sarakarthik/.m2/repository/org/jetbrains/kotlin/kotlin-stdlib/1.9.0/kotlin-stdlib-1.9.0.jar:/Users/sarakarthik/.m2/repository/org/jetbrains/kotlin/kotlin-stdlib-common/1.9.0/kotlin-stdlib-common-1.9.0.jar:/Users/sarakarthik/.m2/repository/org/jetbrains/annotations/13.0/annotations-13.0.jar:/Users/sarakarthik/.m2/repository/org/junit/platform/junit-platform-launcher/1.10.0/junit-platform-launcher-1.10.0.jar:/Users/sarakarthik/.m2/repository/org/junit/platform/junit-platform-engine/1.10.0/junit-platform-engine-1.10.0.jar:/Users/sarakarthik/.m2/repository/org/junit/platform/junit-platform-commons/1.10.0/junit-platform-commons-1.10.0.jar:/Users/sarakarthik/.m2/repository/org/apiguardian/apiguardian-api/1.1.2/apiguardian-api-1.1.2.jar:/Users/sarakarthik/.m2/repository/io/cucumber/cucumber-junit-platform-engine/7.14.0/cucumber-junit-platform-engine-7.14.0.jar:/Users/sarakarthik/.m2/repository/org/junit/platform/junit-platform-suite/1.10.0/junit-platform-suite-1.10.0.jar:/Users/sarakarthik/.m2/repository/org/junit/platform/junit-platform-suite-api/1.10.0/junit-platform-suite-api-1.10.0.jar:/Users/sarakarthik/.m2/repository/org/junit/platform/junit-platform-suite-engine/1.10.0/junit-platform-suite-engine-1.10.0.jar:/Users/sarakarthik/.m2/repository/org/junit/platform/junit-platform-suite-commons/1.10.0/junit-platform-suite-commons-1.10.0.jar:/Users/sarakarthik/.m2/repository/org/junit/jupiter/junit-jupiter-engine/5.1.0/junit-jupiter-engine-5.1.0.jar:/Users/sarakarthik/.m2/repository/org/junit/jupiter/junit-jupiter-api/5.1.0/junit-jupiter-api-5.1.0.jar:/Users/sarakarthik/.m2/repository/org/junit/vintage/junit-vintage-engine/5.1.0/junit-vintage-engine-5.1.0.jar:/Users/sarakarthik/.m2/repository/junit/junit/4.12/junit-4.12.jar:/Users/sarakarthik/.m2/repository/org/hamcrest/hamcrest-core/1.3/hamcrest-core-1.3.jar:/Users/sarakarthik/.m2/repository/ch/qos/logback/logback-classic/1.2.10/logback-classic-1.2.10.jar:/Users/sarakarthik/.m2/repository/ch/qos/logback/logback-core/1.2.10/logback-core-1.2.10.jar:/Users/sarakarthik/.m2/repository/org/slf4j/slf4j-api/1.7.32/slf4j-api-1.7.32.jar:/Users/sarakarthik/.m2/repository/org/assertj/assertj-core/3.23.1/assertj-core-3.23.1.jar:/Users/sarakarthik/.m2/repository/net/bytebuddy/byte-buddy/1.12.10/byte-buddy-1.12.10.jar:/Users/sarakarthik/.m2/repository/net/serenity-bdd/serenity-rest-assured/4.0.15/serenity-rest-assured-4.0.15.jar:/Users/sarakarthik/.m2/repository/io/rest-assured/rest-assured/5.3.2/rest-assured-5.3.2.jar:/Users/sarakarthik/.m2/repository/org/ccil/cowan/tagsoup/tagsoup/1.2.1/tagsoup-1.2.1.jar:/Users/sarakarthik/.m2/repository/io/rest-assured/json-path/5.3.2/json-path-5.3.2.jar:/Users/sarakarthik/.m2/repository/io/rest-assured/rest-assured-common/5.3.2/rest-assured-common-5.3.2.jar:/Users/sarakarthik/.m2/repository/io/rest-assured/xml-path/5.3.2/xml-path-5.3.2.jar:/Users/sarakarthik/.m2/repository/org/apache/groovy/groovy-json/4.0.13/groovy-json-4.0.13.jar:/Users/sarakarthik/.m2/repository/org/apache/groovy/groovy-xml/4.0.13/groovy-xml-4.0.13.jar:/Users/sarakarthik/.m2/repository/org/opentest4j/opentest4j/1.2.0/opentest4j-1.2.0.jar:"/>
    <property name="sun.cpu.endian" value="little"/>
    <property name="user.home" value="/Users/sarakarthik"/>
    <property name="user.language" value="en"/>
    <property name="java.specification.vendor" value="Oracle Corporation"/>
    <property name="java.version.date" value="2023-10-17"/>
    <property name="java.home" value="/Users/sarakarthik/Library/Java/JavaVirtualMachines/openjdk-21.0.1/Contents/Home"/>
    <property name="file.separator" value="/"/>
    <property name="basedir" value="/Users/sarakarthik/Documents/seo_technical_assessment_starter"/>
    <property name="java.vm.compressedOopsMode" value="Zero based"/>
    <property name="line.separator" value="&#10;"/>
    <property name="java.vm.specification.vendor" value="Oracle Corporation"/>
    <property name="java.specification.name" value="Java Platform API Specification"/>
    <property name="apple.awt.application.name" value="ForkedBooter"/>
    <property name="surefire.real.class.path" value="/Users/sarakarthik/Documents/seo_technical_assessment_starter/target/surefire/surefirebooter-20231129223230536_3.jar"/>
    <property name="sun.management.compiler" value="HotSpot 64-Bit Tiered Compilers"/>
    <property name="ftp.nonProxyHosts" value="local|*.local|169.254/16|*.169.254/16"/>
    <property name="java.runtime.version" value="21.0.1+12-29"/>
    <property name="user.name" value="sarakarthik"/>
    <property name="stdout.encoding" value="UTF-8"/>
    <property name="path.separator" value=":"/>
    <property name="os.version" value="12.1"/>
    <property name="java.runtime.name" value="OpenJDK Runtime Environment"/>
    <property name="file.encoding" value="UTF-8"/>
    <property name="webdriver.base.url" value=""/>
    <property name="java.vm.name" value="OpenJDK 64-Bit Server VM"/>
    <property name="localRepository" value="/Users/sarakarthik/.m2/repository"/>
    <property name="java.vendor.url.bug" value="https://bugreport.java.com/bugreport/"/>
    <property name="java.io.tmpdir" value="/var/folders/fz/yr_tp9vd0v1gqthgy_mzg2v40000gn/T/"/>
    <property name="java.version" value="21.0.1"/>
    <property name="user.dir" value="/Users/sarakarthik/Documents/seo_technical_assessment_starter"/>
    <property name="os.arch" value="x86_64"/>
    <property name="java.vm.specification.name" value="Java Virtual Machine Specification"/>
    <property name="native.encoding" value="UTF-8"/>
    <property name="java.library.path" value="/Users/sarakarthik/Library/Java/Extensions:/Library/Java/Extensions:/Network/Library/Java/Extensions:/System/Library/Java/Extensions:/usr/lib/java:."/>
    <property name="java.vm.info" value="mixed mode, sharing"/>
    <property name="stderr.encoding" value="UTF-8"/>
    <property name="java.vendor" value="Oracle Corporation"/>
    <property name="java.vm.version" value="21.0.1+12-29"/>
    <property name="sun.io.unicode.encoding" value="UnicodeBig"/>
    <property name="socksNonProxyHosts" value="local|*.local|169.254/16|*.169.254/16"/>
    <property name="java.class.version" value="65.0"/>
  </properties>
  <testcase name="Example #1.2" classname="Examples" time="15.701">
    <system-out><![CDATA[22:32:31.924 [ForkJoinPool-2-worker-1] DEBUG io.cucumber.core.plugin.SerenityReporter - SRP:handleTestRunStarted Thread[#27,ForkJoinPool-2-worker-1,5,main] 
22:32:32.061 [ForkJoinPool-2-worker-1] DEBUG io.cucumber.core.plugin.SerenityReporter - SRP:handleTestSourceRead Thread[#27,ForkJoinPool-2-worker-1,5,main]
22:32:32.062 [ForkJoinPool-2-worker-1] DEBUG io.cucumber.core.plugin.SerenityReporter - Running feature from classpath:features/VisaConfirmation.feature
22:32:32.078 [ForkJoinPool-2-worker-1] INFO net.thucydides.core.steps.StepEventBus - Loading JUnit Platform configuration parameters from classpath resource [junit-platform.properties].
22:32:32.105 [ForkJoinPool-2-worker-1] INFO  - 

-------------------------------------------------------------------------------------
     _______. _______ .______       _______ .__   __.  __  .___________.____    ____ 
    /       ||   ____||   _  \     |   ____||  \ |  | |  | |           |\   \  /   / 
   |   (----`|  |__   |  |_)  |    |  |__   |   \|  | |  | `---|  |----` \   \/   /  
    \   \    |   __|  |      /     |   __|  |  . `  | |  |     |  |       \_    _/   
.----)   |   |  |____ |  |\  \----.|  |____ |  |\   | |  |     |  |         |  |     
|_______/    |_______|| _| `._____||_______||__| \__| |__|     |__|         |__|    
                                                                                     
 News and tutorials at https://serenity-bdd.info                                     
 Documentation at https://serenity-bdd.github.io                                     
 Test Automation Training and Coaching: https://www.serenity-dojo.com                
 Commercial Support: https://www.serenity-dojo.com/serenity-bdd-enterprise-support   
 Join the Serenity Community on Gitter: https://gitter.im/serenity-bdd/serenity-core 
-------------------------------------------------------------------------------------

22:32:32.108 [ForkJoinPool-2-worker-1] DEBUG net.thucydides.core.steps.StepEventBus - Test suite started for story net.thucydides.model.domain.Story@62b96b
22:32:32.109 [ForkJoinPool-2-worker-1] INFO  - Test Suite Started: Visa checks
22:32:32.237 [ForkJoinPool-2-worker-2] DEBUG io.cucumber.core.plugin.SerenityReporter - SRP:handleTestCaseStarted classpath:features/VisaConfirmation.feature Thread[#33,ForkJoinPool-2-worker-2,5,main] 0ed18109-ddcf-4677-8c06-94cee66054c1 at line 16
22:32:32.239 [ForkJoinPool-2-worker-2] DEBUG net.thucydides.core.steps.session.TestSession - SRP:SessionStart: id 0ed18109-ddcf-4677-8c06-94cee66054c1
22:32:32.242 [ForkJoinPool-2-worker-2] DEBUG io.cucumber.core.plugin.SerenityReporter - Running feature from classpath:features/VisaConfirmation.feature
22:32:32.243 [ForkJoinPool-2-worker-2] DEBUG io.cucumber.core.plugin.SerenityReporter - SRP:startNewExample classpath:features/VisaConfirmation.feature Thread[#33,ForkJoinPool-2-worker-2,5,main] 0ed18109-ddcf-4677-8c06-94cee66054c1 at line 16 
22:32:32.253 [ForkJoinPool-2-worker-2] DEBUG io.cucumber.core.plugin.SerenityReporter - SRP:handleExamples Thread[#33,ForkJoinPool-2-worker-2,5,main] scenarioId Visa checks;check visa Australia & Columbian mainscenarioId Visa checks;check-visa-australia-&-columbian
22:32:32.254 [ForkJoinPool-2-worker-2] DEBUG io.cucumber.core.plugin.SerenityReporter - SRP:newScenario true
22:32:32.260 [ForkJoinPool-2-worker-2] DEBUG io.cucumber.core.plugin.ScenarioContextParallel - SRP:addHighPriorityStepEventBusEvent net.thucydides.core.steps.events.SetTestSourceEvent@1cc790ea Thread[#33,ForkJoinPool-2-worker-2,5,main] Visa checks;check-visa-australia-&-columbian
22:32:32.264 [ForkJoinPool-2-worker-2] DEBUG io.cucumber.core.plugin.SerenityReporter - SRP:startScenario classpath:features/VisaConfirmation.feature Thread[#33,ForkJoinPool-2-worker-2,5,main] 0ed18109-ddcf-4677-8c06-94cee66054c1 at line 16
22:32:32.266 [ForkJoinPool-2-worker-2] DEBUG io.cucumber.core.plugin.ScenarioContextParallel - SRP:addHighPriorityStepEventBusEvent EventBusEvent TEST_STARTED_EVENT with name check visa Australia & Columbian visa-checks;check-visa-australia-&-columbian Thread[#33,ForkJoinPool-2-worker-2,5,main] Visa checks;check-visa-australia-&-columbian
22:32:32.267 [ForkJoinPool-2-worker-2] DEBUG net.thucydides.core.steps.session.TestSession - SRP:SessionAddEvent: id 0ed18109-ddcf-4677-8c06-94cee66054c1 net.thucydides.core.steps.events.AddDescriptionToCurrentTestEvent@75eb8004
22:32:32.268 [ForkJoinPool-2-worker-2] DEBUG net.thucydides.core.steps.session.TestSession - SRP:SessionAddEvent: id 0ed18109-ddcf-4677-8c06-94cee66054c1 EventBusEvent ADD_TAGS_TO_CURRENT_TEST_EVENT [tag:UI]
22:32:32.269 [ForkJoinPool-2-worker-2] DEBUG net.thucydides.core.steps.session.TestSession - SRP:SessionAddEvent: id 0ed18109-ddcf-4677-8c06-94cee66054c1 EventBusEvent ADD_TAGS_TO_CURRENT_TEST_EVENT []
22:32:32.269 [ForkJoinPool-2-worker-2] DEBUG net.thucydides.core.steps.session.TestSession - SRP:SessionAddEvent: id 0ed18109-ddcf-4677-8c06-94cee66054c1 EventBusEvent ADD_TAGS_TO_CURRENT_TEST_EVENT []
22:32:32.271 [ForkJoinPool-2-worker-2] DEBUG io.cucumber.core.plugin.ScenarioContextParallel - SRP:addHighPriorityStepEventBusEvent net.thucydides.core.steps.events.UseExamplesFromEvent@3502813d Thread[#33,ForkJoinPool-2-worker-2,5,main] Visa checks;check-visa-australia-&-columbian
22:32:32.272 [ForkJoinPool-2-worker-2] DEBUG io.cucumber.core.plugin.ScenarioContextParallel - SRP:addHighPriorityStepEventBusEvent net.thucydides.core.steps.events.UseScenarioOutlineEvent@1aefc8c4 Thread[#33,ForkJoinPool-2-worker-2,5,main] Visa checks;check-visa-australia-&-columbian
22:32:32.272 [ForkJoinPool-2-worker-2] DEBUG net.thucydides.core.steps.session.TestSession - SRP:SessionAddEvent: id 0ed18109-ddcf-4677-8c06-94cee66054c1 net.thucydides.core.steps.events.ClearStepFailuresEvent@519dd2ad
22:32:32.272 [ForkJoinPool-2-worker-2] DEBUG net.thucydides.core.steps.session.TestSession - SRP:SessionAddEvent: id 0ed18109-ddcf-4677-8c06-94cee66054c1 EventBusEvent EXAMPLE_STARTED_EVENT {nationality=Colombia, reason=Join partner, resultText=You may need a visa} check visa Australia & Columbian
22:32:32.273 [ForkJoinPool-2-worker-2] DEBUG net.thucydides.core.steps.session.TestSession - SRP:SessionAddEvent: id 0ed18109-ddcf-4677-8c06-94cee66054c1 EventBusEvent ADD_TAGS_TO_CURRENT_TEST_EVENT []
22:32:32.273 [ForkJoinPool-2-worker-2] DEBUG net.thucydides.core.steps.session.TestSession - SRP:SessionAddEvent: id 0ed18109-ddcf-4677-8c06-94cee66054c1 net.thucydides.core.steps.events.SetBackgroundTitleEvent@14f04d00
22:32:32.274 [ForkJoinPool-2-worker-2] DEBUG net.thucydides.core.steps.session.TestSession - SRP:SessionAddEvent: id 0ed18109-ddcf-4677-8c06-94cee66054c1 net.thucydides.core.steps.events.SetBackgroundDescriptionEvent@57254eef

@UI
Scenario Outline: check visa Australia & Columbian &amp#27;[90m# features/VisaConfirmation.feature:16&amp#27;[0m
22:32:32.276 [ForkJoinPool-2-worker-1] DEBUG io.cucumber.core.plugin.SerenityReporter - SRP:handleTestCaseStarted classpath:features/VisaConfirmation.feature Thread[#27,ForkJoinPool-2-worker-1,5,main] 59284a33-8c27-40d1-9929-423cc32d9779 at line 18
22:32:32.277 [ForkJoinPool-2-worker-1] DEBUG net.thucydides.core.steps.session.TestSession - SRP:SessionStart: id 59284a33-8c27-40d1-9929-423cc32d9779
22:32:32.277 [ForkJoinPool-2-worker-1] DEBUG io.cucumber.core.plugin.SerenityReporter - Running feature from classpath:features/VisaConfirmation.feature
22:32:32.278 [ForkJoinPool-2-worker-1] DEBUG io.cucumber.core.plugin.ScenarioContextParallel - SRP:addHighPriorityStepEventBusEvent net.thucydides.core.steps.events.SetTestSourceEvent@7a6165b4 Thread[#27,ForkJoinPool-2-worker-1,5,main] Visa checks;a-chilean-coming-to-the-uk-for-work-and-plans-on-staying-for-longer-than-6-months.
22:32:32.278 [ForkJoinPool-2-worker-1] DEBUG io.cucumber.core.plugin.SerenityReporter - SRP:startScenario classpath:features/VisaConfirmation.feature Thread[#27,ForkJoinPool-2-worker-1,5,main] 59284a33-8c27-40d1-9929-423cc32d9779 at line 18
22:32:32.278 [ForkJoinPool-2-worker-1] DEBUG io.cucumber.core.plugin.ScenarioContextParallel - SRP:addHighPriorityStepEventBusEvent EventBusEvent TEST_STARTED_EVENT with name A Chilean coming to the UK for Work and plans on staying for longer than 6 months. visa-checks;a-chilean-coming-to-the-uk-for-work-and-plans-on-staying-for-longer-than-6-months. Thread[#27,ForkJoinPool-2-worker-1,5,main] Visa checks;a-chilean-coming-to-the-uk-for-work-and-plans-on-staying-for-longer-than-6-months.
22:32:32.279 [ForkJoinPool-2-worker-1] DEBUG net.thucydides.core.steps.session.TestSession - SRP:SessionAddEvent: id 59284a33-8c27-40d1-9929-423cc32d9779 net.thucydides.core.steps.events.AddDescriptionToCurrentTestEvent@4bc5bee8
22:32:32.279 [ForkJoinPool-2-worker-1] DEBUG net.thucydides.core.steps.session.TestSession - SRP:SessionAddEvent: id 59284a33-8c27-40d1-9929-423cc32d9779 EventBusEvent ADD_TAGS_TO_CURRENT_TEST_EVENT [tag:UI]
22:32:32.279 [ForkJoinPool-2-worker-1] DEBUG net.thucydides.core.steps.session.TestSession - SRP:SessionAddEvent: id 59284a33-8c27-40d1-9929-423cc32d9779 EventBusEvent ADD_TAGS_TO_CURRENT_TEST_EVENT []
22:32:32.279 [ForkJoinPool-2-worker-1] DEBUG net.thucydides.core.steps.session.TestSession - SRP:SessionAddEvent: id 59284a33-8c27-40d1-9929-423cc32d9779 EventBusEvent ADD_TAGS_TO_CURRENT_TEST_EVENT []
22:32:32.279 [ForkJoinPool-2-worker-1] DEBUG net.thucydides.core.steps.session.TestSession - SRP:SessionAddEvent: id 59284a33-8c27-40d1-9929-423cc32d9779 net.thucydides.core.steps.events.SetBackgroundTitleEvent@4203be2f
22:32:32.279 [ForkJoinPool-2-worker-1] DEBUG net.thucydides.core.steps.session.TestSession - SRP:SessionAddEvent: id 59284a33-8c27-40d1-9929-423cc32d9779 net.thucydides.core.steps.events.SetBackgroundDescriptionEvent@4eff4969

@UI
Scenario: A Chilean coming to the UK for Work and plans on staying for longer than 6 months.                                                        &amp#27;[90m# features/VisaConfirmation.feature:18&amp#27;[0m
22:32:32.280 [ForkJoinPool-2-worker-3] DEBUG io.cucumber.core.plugin.SerenityReporter - SRP:handleTestCaseStarted classpath:features/VisaConfirmation.feature Thread[#34,ForkJoinPool-2-worker-3,5,main] 58714337-3b29-4b2d-891f-23850c11b250 at line 15
22:32:32.281 [ForkJoinPool-2-worker-3] DEBUG net.thucydides.core.steps.session.TestSession - SRP:SessionStart: id 58714337-3b29-4b2d-891f-23850c11b250
22:32:32.281 [ForkJoinPool-2-worker-3] DEBUG io.cucumber.core.plugin.SerenityReporter - Running feature from classpath:features/VisaConfirmation.feature
22:32:32.281 [ForkJoinPool-2-worker-3] DEBUG net.thucydides.core.steps.session.TestSession - SRP:SessionAddEvent: id 58714337-3b29-4b2d-891f-23850c11b250 net.thucydides.core.steps.events.ClearStepFailuresEvent@b564222
22:32:32.281 [ForkJoinPool-2-worker-3] DEBUG net.thucydides.core.steps.session.TestSession - SRP:SessionAddEvent: id 58714337-3b29-4b2d-891f-23850c11b250 EventBusEvent EXAMPLE_STARTED_EVENT {nationality=Australia, reason=Tourism, resultText=You will not need a visa to come to the UK} check visa Australia & Columbian
22:32:32.281 [ForkJoinPool-2-worker-3] DEBUG net.thucydides.core.steps.session.TestSession - SRP:SessionAddEvent: id 58714337-3b29-4b2d-891f-23850c11b250 EventBusEvent ADD_TAGS_TO_CURRENT_TEST_EVENT []
22:32:32.282 [ForkJoinPool-2-worker-3] DEBUG net.thucydides.core.steps.session.TestSession - SRP:SessionAddEvent: id 58714337-3b29-4b2d-891f-23850c11b250 net.thucydides.core.steps.events.SetBackgroundTitleEvent@35e74c27
22:32:32.282 [ForkJoinPool-2-worker-3] DEBUG net.thucydides.core.steps.session.TestSession - SRP:SessionAddEvent: id 58714337-3b29-4b2d-891f-23850c11b250 net.thucydides.core.steps.events.SetBackgroundDescriptionEvent@65a7a965

@UI
Scenario Outline: check visa Australia & Columbian                     &amp#27;[90m# features/VisaConfirmation.feature:15&amp#27;[0m
22:32:32.282 [ForkJoinPool-2-worker-3] DEBUG io.cucumber.core.plugin.SerenityReporter - Running feature from classpath:features/VisaConfirmation.feature
22:32:32.283 [ForkJoinPool-2-worker-3] DEBUG io.cucumber.core.plugin.SerenityReporter - SRP:handleTestStepStarted  classpath:features/VisaConfirmation.feature Thread[#34,ForkJoinPool-2-worker-3,5,main] 58714337-3b29-4b2d-891f-23850c11b250 at line 15
22:32:32.287 [ForkJoinPool-2-worker-3] DEBUG net.thucydides.core.steps.session.TestSession - SRP:SessionAddEvent: id 58714337-3b29-4b2d-891f-23850c11b250 EventBusEvent UPDATE_EXAMPLE_LINE_NUMBER 15
22:32:32.289 [ForkJoinPool-2-worker-3] DEBUG net.thucydides.core.steps.session.TestSession - SRP:SessionAddEvent: id 58714337-3b29-4b2d-891f-23850c11b250 EventBusEvent STEP_STARTED_EVENT Given I am on the Check UK visa website Given I am on the Check UK visa website
22:32:32.289 [ForkJoinPool-2-worker-3] DEBUG net.thucydides.core.steps.session.TestSession - SRP:SessionAddEvent: id 58714337-3b29-4b2d-891f-23850c11b250 net.thucydides.core.steps.events.UpdateCurrentStepTitleEvent@2cc712a9
22:32:32.289 [ForkJoinPool-2-worker-1] DEBUG io.cucumber.core.plugin.SerenityReporter - Running feature from classpath:features/VisaConfirmation.feature
22:32:32.290 [ForkJoinPool-2-worker-1] DEBUG io.cucumber.core.plugin.SerenityReporter - SRP:handleTestStepStarted  classpath:features/VisaConfirmation.feature Thread[#27,ForkJoinPool-2-worker-1,5,main] 59284a33-8c27-40d1-9929-423cc32d9779 at line 18
22:32:32.290 [ForkJoinPool-2-worker-1] DEBUG net.thucydides.core.steps.session.TestSession - SRP:SessionAddEvent: id 59284a33-8c27-40d1-9929-423cc32d9779 EventBusEvent STEP_STARTED_EVENT Given I am on the Check UK visa website Given I am on the Check UK visa website
22:32:32.290 [ForkJoinPool-2-worker-1] DEBUG net.thucydides.core.steps.session.TestSession - SRP:SessionAddEvent: id 59284a33-8c27-40d1-9929-423cc32d9779 net.thucydides.core.steps.events.UpdateCurrentStepTitleEvent@2f075a6d
22:32:32.290 [ForkJoinPool-2-worker-2] DEBUG io.cucumber.core.plugin.SerenityReporter - Running feature from classpath:features/VisaConfirmation.feature
22:32:32.290 [ForkJoinPool-2-worker-2] DEBUG io.cucumber.core.plugin.SerenityReporter - SRP:handleTestStepStarted  classpath:features/VisaConfirmation.feature Thread[#33,ForkJoinPool-2-worker-2,5,main] 0ed18109-ddcf-4677-8c06-94cee66054c1 at line 16
22:32:32.291 [ForkJoinPool-2-worker-2] DEBUG net.thucydides.core.steps.session.TestSession - SRP:SessionAddEvent: id 0ed18109-ddcf-4677-8c06-94cee66054c1 EventBusEvent UPDATE_EXAMPLE_LINE_NUMBER 16
22:32:32.291 [ForkJoinPool-2-worker-2] DEBUG net.thucydides.core.steps.session.TestSession - SRP:SessionAddEvent: id 0ed18109-ddcf-4677-8c06-94cee66054c1 EventBusEvent STEP_STARTED_EVENT Given I am on the Check UK visa website Given I am on the Check UK visa website
22:32:32.291 [ForkJoinPool-2-worker-2] DEBUG net.thucydides.core.steps.session.TestSession - SRP:SessionAddEvent: id 0ed18109-ddcf-4677-8c06-94cee66054c1 net.thucydides.core.steps.events.UpdateCurrentStepTitleEvent@ae358d8
22:32:32.803 [ForkJoinPool-2-worker-2] INFO net.serenitybdd.core.webdriver.driverproviders.ChromeDriverProvider - Starting Chrome driver instance with capabilities:
22:32:32.803 [ForkJoinPool-2-worker-1] INFO net.serenitybdd.core.webdriver.driverproviders.ChromeDriverProvider - Starting Chrome driver instance with capabilities:
22:32:32.803 [ForkJoinPool-2-worker-3] INFO net.serenitybdd.core.webdriver.driverproviders.ChromeDriverProvider - Starting Chrome driver instance with capabilities:
22:32:32.805 [ForkJoinPool-2-worker-1] INFO net.serenitybdd.core.webdriver.driverproviders.ChromeDriverProvider - Capabilities {acceptInsecureCerts: true, browserName: chrome, goog:chromeOptions: {args: [test-type, ignore-certificate-errors, --window-size=1000,800, incognito, disable-infobars, disable-gpu, disable-default-apps, disable-popup-blocking, test-type, ignore-certificate-errors, --window-size=1000,800, incognito, disable-infobars, disable-gpu, disable-default-apps, disable-popup-blocking, remote-allow-origins=*], extensions: []}}
22:32:32.805 [ForkJoinPool-2-worker-2] INFO net.serenitybdd.core.webdriver.driverproviders.ChromeDriverProvider - Capabilities {acceptInsecureCerts: true, browserName: chrome, goog:chromeOptions: {args: [test-type, ignore-certificate-errors, --window-size=1000,800, incognito, disable-infobars, disable-gpu, disable-default-apps, disable-popup-blocking, test-type, ignore-certificate-errors, --window-size=1000,800, incognito, disable-infobars, disable-gpu, disable-default-apps, disable-popup-blocking, remote-allow-origins=*], extensions: []}}
22:32:32.805 [ForkJoinPool-2-worker-3] INFO net.serenitybdd.core.webdriver.driverproviders.ChromeDriverProvider - Capabilities {acceptInsecureCerts: true, browserName: chrome, goog:chromeOptions: {args: [test-type, ignore-certificate-errors, --window-size=1000,800, incognito, disable-infobars, disable-gpu, disable-default-apps, disable-popup-blocking, test-type, ignore-certificate-errors, --window-size=1000,800, incognito, disable-infobars, disable-gpu, disable-default-apps, disable-popup-blocking, remote-allow-origins=*], extensions: []}}
22:32:45.619 [ForkJoinPool-2-worker-3] DEBUG io.cucumber.core.plugin.SerenityReporter - SRP:handleTestStepFinished  classpath:features/VisaConfirmation.feature Thread[#34,ForkJoinPool-2-worker-3,5,main] 58714337-3b29-4b2d-891f-23850c11b250 at line 15
22:32:45.619 [ForkJoinPool-2-worker-3] DEBUG io.cucumber.core.plugin.SerenityReporter - Running feature from classpath:features/VisaConfirmation.feature
22:32:45.689 [ForkJoinPool-2-worker-3] DEBUG net.thucydides.core.steps.session.TestSession - SRP:SessionAddEvent: id 58714337-3b29-4b2d-891f-23850c11b250 net.serenitybdd.cucumber.events.StepFinishedWithResultEvent@451f1795
  &amp#27;[32mGiven &amp#27;[0m&amp#27;[32mI am on the Check UK visa website&amp#27;[0m                              &amp#27;[90m# ho.qat.seo.stepDefinitions.VisaConfirmationSteps.i_am_on_the_Check_UK_visa_website()&amp#27;[0m
22:32:45.691 [ForkJoinPool-2-worker-1] DEBUG io.cucumber.core.plugin.SerenityReporter - SRP:handleTestStepFinished  classpath:features/VisaConfirmation.feature Thread[#27,ForkJoinPool-2-worker-1,5,main] 59284a33-8c27-40d1-9929-423cc32d9779 at line 18
22:32:45.691 [ForkJoinPool-2-worker-1] DEBUG io.cucumber.core.plugin.SerenityReporter - Running feature from classpath:features/VisaConfirmation.feature
22:32:45.693 [ForkJoinPool-2-worker-1] DEBUG net.thucydides.core.steps.session.TestSession - SRP:SessionAddEvent: id 59284a33-8c27-40d1-9929-423cc32d9779 net.serenitybdd.cucumber.events.StepFinishedWithResultEvent@3e2ba807
  &amp#27;[32mGiven &amp#27;[0m&amp#27;[32mI am on the Check UK visa website&amp#27;[0m                                                                                                           &amp#27;[90m# ho.qat.seo.stepDefinitions.VisaConfirmationSteps.i_am_on_the_Check_UK_visa_website()&amp#27;[0m
22:32:45.693 [ForkJoinPool-2-worker-2] DEBUG io.cucumber.core.plugin.SerenityReporter - SRP:handleTestStepFinished  classpath:features/VisaConfirmation.feature Thread[#33,ForkJoinPool-2-worker-2,5,main] 0ed18109-ddcf-4677-8c06-94cee66054c1 at line 16
22:32:45.693 [ForkJoinPool-2-worker-2] DEBUG io.cucumber.core.plugin.SerenityReporter - Running feature from classpath:features/VisaConfirmation.feature
22:32:45.695 [ForkJoinPool-2-worker-2] DEBUG net.thucydides.core.steps.session.TestSession - SRP:SessionAddEvent: id 0ed18109-ddcf-4677-8c06-94cee66054c1 net.serenitybdd.cucumber.events.StepFinishedWithResultEvent@6dbe3eb4
  &amp#27;[32mGiven &amp#27;[0m&amp#27;[32mI am on the Check UK visa website&amp#27;[0m          &amp#27;[90m# ho.qat.seo.stepDefinitions.VisaConfirmationSteps.i_am_on_the_Check_UK_visa_website()&amp#27;[0m
22:32:45.696 [ForkJoinPool-2-worker-2] DEBUG io.cucumber.core.plugin.SerenityReporter - Running feature from classpath:features/VisaConfirmation.feature
22:32:45.696 [ForkJoinPool-2-worker-2] DEBUG io.cucumber.core.plugin.SerenityReporter - SRP:handleTestStepStarted  classpath:features/VisaConfirmation.feature Thread[#33,ForkJoinPool-2-worker-2,5,main] 0ed18109-ddcf-4677-8c06-94cee66054c1 at line 16
22:32:45.696 [ForkJoinPool-2-worker-2] DEBUG net.thucydides.core.steps.session.TestSession - SRP:SessionAddEvent: id 0ed18109-ddcf-4677-8c06-94cee66054c1 EventBusEvent UPDATE_EXAMPLE_LINE_NUMBER 16
22:32:45.697 [ForkJoinPool-2-worker-2] DEBUG net.thucydides.core.steps.session.TestSession - SRP:SessionAddEvent: id 0ed18109-ddcf-4677-8c06-94cee66054c1 EventBusEvent STEP_STARTED_EVENT And I start visa check And I start visa check
22:32:45.697 [ForkJoinPool-2-worker-2] DEBUG net.thucydides.core.steps.session.TestSession - SRP:SessionAddEvent: id 0ed18109-ddcf-4677-8c06-94cee66054c1 net.thucydides.core.steps.events.UpdateCurrentStepTitleEvent@1f86a4d4
22:32:45.698 [ForkJoinPool-2-worker-1] DEBUG io.cucumber.core.plugin.SerenityReporter - Running feature from classpath:features/VisaConfirmation.feature
22:32:45.698 [ForkJoinPool-2-worker-1] DEBUG io.cucumber.core.plugin.SerenityReporter - SRP:handleTestStepStarted  classpath:features/VisaConfirmation.feature Thread[#27,ForkJoinPool-2-worker-1,5,main] 59284a33-8c27-40d1-9929-423cc32d9779 at line 18
22:32:45.698 [ForkJoinPool-2-worker-1] DEBUG net.thucydides.core.steps.session.TestSession - SRP:SessionAddEvent: id 59284a33-8c27-40d1-9929-423cc32d9779 EventBusEvent STEP_STARTED_EVENT And I start visa check And I start visa check
22:32:45.698 [ForkJoinPool-2-worker-1] DEBUG net.thucydides.core.steps.session.TestSession - SRP:SessionAddEvent: id 59284a33-8c27-40d1-9929-423cc32d9779 net.thucydides.core.steps.events.UpdateCurrentStepTitleEvent@229119a4
22:32:45.699 [ForkJoinPool-2-worker-3] DEBUG io.cucumber.core.plugin.SerenityReporter - Running feature from classpath:features/VisaConfirmation.feature
22:32:45.699 [ForkJoinPool-2-worker-3] DEBUG io.cucumber.core.plugin.SerenityReporter - SRP:handleTestStepStarted  classpath:features/VisaConfirmation.feature Thread[#34,ForkJoinPool-2-worker-3,5,main] 58714337-3b29-4b2d-891f-23850c11b250 at line 15
22:32:45.700 [ForkJoinPool-2-worker-3] DEBUG net.thucydides.core.steps.session.TestSession - SRP:SessionAddEvent: id 58714337-3b29-4b2d-891f-23850c11b250 EventBusEvent UPDATE_EXAMPLE_LINE_NUMBER 15
22:32:45.700 [ForkJoinPool-2-worker-3] DEBUG net.thucydides.core.steps.session.TestSession - SRP:SessionAddEvent: id 58714337-3b29-4b2d-891f-23850c11b250 EventBusEvent STEP_STARTED_EVENT And I start visa check And I start visa check
22:32:45.700 [ForkJoinPool-2-worker-3] DEBUG net.thucydides.core.steps.session.TestSession - SRP:SessionAddEvent: id 58714337-3b29-4b2d-891f-23850c11b250 net.thucydides.core.steps.events.UpdateCurrentStepTitleEvent@6222af3c
22:32:46.231 [ForkJoinPool-2-worker-1] DEBUG io.cucumber.core.plugin.SerenityReporter - SRP:handleTestStepFinished  classpath:features/VisaConfirmation.feature Thread[#27,ForkJoinPool-2-worker-1,5,main] 59284a33-8c27-40d1-9929-423cc32d9779 at line 18
22:32:46.231 [ForkJoinPool-2-worker-1] DEBUG io.cucumber.core.plugin.SerenityReporter - Running feature from classpath:features/VisaConfirmation.feature
22:32:46.233 [ForkJoinPool-2-worker-1] DEBUG net.thucydides.core.steps.session.TestSession - SRP:SessionAddEvent: id 59284a33-8c27-40d1-9929-423cc32d9779 net.serenitybdd.cucumber.events.StepFinishedWithResultEvent@51802f5d
  &amp#27;[32mAnd &amp#27;[0m&amp#27;[32mI start visa check&amp#27;[0m                                                                                                                            &amp#27;[90m# ho.qat.seo.stepDefinitions.VisaConfirmationSteps.i_start_visa_check()&amp#27;[0m
22:32:46.234 [ForkJoinPool-2-worker-1] DEBUG io.cucumber.core.plugin.SerenityReporter - Running feature from classpath:features/VisaConfirmation.feature
22:32:46.234 [ForkJoinPool-2-worker-1] DEBUG io.cucumber.core.plugin.SerenityReporter - SRP:handleTestStepStarted  classpath:features/VisaConfirmation.feature Thread[#27,ForkJoinPool-2-worker-1,5,main] 59284a33-8c27-40d1-9929-423cc32d9779 at line 18
22:32:46.235 [ForkJoinPool-2-worker-1] DEBUG net.thucydides.core.steps.session.TestSession - SRP:SessionAddEvent: id 59284a33-8c27-40d1-9929-423cc32d9779 EventBusEvent STEP_STARTED_EVENT When I select a nationality of 'Chile' When I select a nationality of 'Chile'
22:32:46.235 [ForkJoinPool-2-worker-1] DEBUG net.thucydides.core.steps.session.TestSession - SRP:SessionAddEvent: id 59284a33-8c27-40d1-9929-423cc32d9779 net.thucydides.core.steps.events.UpdateCurrentStepTitleEvent@58c68086
22:32:46.266 [ForkJoinPool-2-worker-2] DEBUG io.cucumber.core.plugin.SerenityReporter - SRP:handleTestStepFinished  classpath:features/VisaConfirmation.feature Thread[#33,ForkJoinPool-2-worker-2,5,main] 0ed18109-ddcf-4677-8c06-94cee66054c1 at line 16
22:32:46.266 [ForkJoinPool-2-worker-2] DEBUG io.cucumber.core.plugin.SerenityReporter - Running feature from classpath:features/VisaConfirmation.feature
22:32:46.268 [ForkJoinPool-2-worker-2] DEBUG net.thucydides.core.steps.session.TestSession - SRP:SessionAddEvent: id 0ed18109-ddcf-4677-8c06-94cee66054c1 net.serenitybdd.cucumber.events.StepFinishedWithResultEvent@72b15ec2
  &amp#27;[32mAnd &amp#27;[0m&amp#27;[32mI start visa check&amp#27;[0m                           &amp#27;[90m# ho.qat.seo.stepDefinitions.VisaConfirmationSteps.i_start_visa_check()&amp#27;[0m
22:32:46.269 [ForkJoinPool-2-worker-2] DEBUG io.cucumber.core.plugin.SerenityReporter - Running feature from classpath:features/VisaConfirmation.feature
22:32:46.269 [ForkJoinPool-2-worker-2] DEBUG io.cucumber.core.plugin.SerenityReporter - SRP:handleTestStepStarted  classpath:features/VisaConfirmation.feature Thread[#33,ForkJoinPool-2-worker-2,5,main] 0ed18109-ddcf-4677-8c06-94cee66054c1 at line 16
22:32:46.270 [ForkJoinPool-2-worker-2] DEBUG net.thucydides.core.steps.session.TestSession - SRP:SessionAddEvent: id 0ed18109-ddcf-4677-8c06-94cee66054c1 EventBusEvent UPDATE_EXAMPLE_LINE_NUMBER 16
22:32:46.270 [ForkJoinPool-2-worker-2] DEBUG net.thucydides.core.steps.session.TestSession - SRP:SessionAddEvent: id 0ed18109-ddcf-4677-8c06-94cee66054c1 EventBusEvent STEP_STARTED_EVENT When I select a nationality of "Colombia" When I select a nationality of "Colombia"
22:32:46.270 [ForkJoinPool-2-worker-2] DEBUG net.thucydides.core.steps.session.TestSession - SRP:SessionAddEvent: id 0ed18109-ddcf-4677-8c06-94cee66054c1 net.thucydides.core.steps.events.UpdateCurrentStepTitleEvent@73a5cbb8
22:32:46.286 [ForkJoinPool-2-worker-3] DEBUG io.cucumber.core.plugin.SerenityReporter - SRP:handleTestStepFinished  classpath:features/VisaConfirmation.feature Thread[#34,ForkJoinPool-2-worker-3,5,main] 58714337-3b29-4b2d-891f-23850c11b250 at line 15
22:32:46.286 [ForkJoinPool-2-worker-3] DEBUG io.cucumber.core.plugin.SerenityReporter - Running feature from classpath:features/VisaConfirmation.feature
22:32:46.287 [ForkJoinPool-2-worker-3] DEBUG net.thucydides.core.steps.session.TestSession - SRP:SessionAddEvent: id 58714337-3b29-4b2d-891f-23850c11b250 net.serenitybdd.cucumber.events.StepFinishedWithResultEvent@4197dbd1
  &amp#27;[32mAnd &amp#27;[0m&amp#27;[32mI start visa check&amp#27;[0m                                               &amp#27;[90m# ho.qat.seo.stepDefinitions.VisaConfirmationSteps.i_start_visa_check()&amp#27;[0m
22:32:46.288 [ForkJoinPool-2-worker-3] DEBUG io.cucumber.core.plugin.SerenityReporter - Running feature from classpath:features/VisaConfirmation.feature
22:32:46.288 [ForkJoinPool-2-worker-3] DEBUG io.cucumber.core.plugin.SerenityReporter - SRP:handleTestStepStarted  classpath:features/VisaConfirmation.feature Thread[#34,ForkJoinPool-2-worker-3,5,main] 58714337-3b29-4b2d-891f-23850c11b250 at line 15
22:32:46.289 [ForkJoinPool-2-worker-3] DEBUG net.thucydides.core.steps.session.TestSession - SRP:SessionAddEvent: id 58714337-3b29-4b2d-891f-23850c11b250 EventBusEvent UPDATE_EXAMPLE_LINE_NUMBER 15
22:32:46.289 [ForkJoinPool-2-worker-3] DEBUG net.thucydides.core.steps.session.TestSession - SRP:SessionAddEvent: id 58714337-3b29-4b2d-891f-23850c11b250 EventBusEvent STEP_STARTED_EVENT When I select a nationality of "Australia" When I select a nationality of "Australia"
22:32:46.289 [ForkJoinPool-2-worker-3] DEBUG net.thucydides.core.steps.session.TestSession - SRP:SessionAddEvent: id 58714337-3b29-4b2d-891f-23850c11b250 net.thucydides.core.steps.events.UpdateCurrentStepTitleEvent@cc5ae9c
22:32:46.853 [ForkJoinPool-2-worker-1] DEBUG io.cucumber.core.plugin.SerenityReporter - SRP:handleTestStepFinished  classpath:features/VisaConfirmation.feature Thread[#27,ForkJoinPool-2-worker-1,5,main] 59284a33-8c27-40d1-9929-423cc32d9779 at line 18
22:32:46.854 [ForkJoinPool-2-worker-1] DEBUG io.cucumber.core.plugin.SerenityReporter - Running feature from classpath:features/VisaConfirmation.feature
22:32:46.856 [ForkJoinPool-2-worker-1] DEBUG net.thucydides.core.steps.session.TestSession - SRP:SessionAddEvent: id 59284a33-8c27-40d1-9929-423cc32d9779 net.serenitybdd.cucumber.events.StepFinishedWithResultEvent@7a3dfc70
  &amp#27;[32mWhen &amp#27;[0m&amp#27;[32mI select a nationality of &amp#27;[0m&amp#27;[32m&amp#27;[1m'Chile'&amp#27;[0m                                                                                                            &amp#27;[90m# ho.qat.seo.stepDefinitions.VisaConfirmationSteps.iSelectANationalityOfAustralia(java.lang.String)&amp#27;[0m
22:32:46.857 [ForkJoinPool-2-worker-1] DEBUG io.cucumber.core.plugin.SerenityReporter - Running feature from classpath:features/VisaConfirmation.feature
22:32:46.857 [ForkJoinPool-2-worker-1] DEBUG io.cucumber.core.plugin.SerenityReporter - SRP:handleTestStepStarted  classpath:features/VisaConfirmation.feature Thread[#27,ForkJoinPool-2-worker-1,5,main] 59284a33-8c27-40d1-9929-423cc32d9779 at line 18
22:32:46.858 [ForkJoinPool-2-worker-1] DEBUG net.thucydides.core.steps.session.TestSession - SRP:SessionAddEvent: id 59284a33-8c27-40d1-9929-423cc32d9779 EventBusEvent STEP_STARTED_EVENT And I select reason 'Work, academic' And I select reason 'Work, academic'
22:32:46.858 [ForkJoinPool-2-worker-1] DEBUG net.thucydides.core.steps.session.TestSession - SRP:SessionAddEvent: id 59284a33-8c27-40d1-9929-423cc32d9779 net.thucydides.core.steps.events.UpdateCurrentStepTitleEvent@1d824d3e
22:32:46.880 [ForkJoinPool-2-worker-3] DEBUG io.cucumber.core.plugin.SerenityReporter - SRP:handleTestStepFinished  classpath:features/VisaConfirmation.feature Thread[#34,ForkJoinPool-2-worker-3,5,main] 58714337-3b29-4b2d-891f-23850c11b250 at line 15
22:32:46.880 [ForkJoinPool-2-worker-3] DEBUG io.cucumber.core.plugin.SerenityReporter - Running feature from classpath:features/VisaConfirmation.feature
22:32:46.882 [ForkJoinPool-2-worker-3] DEBUG net.thucydides.core.steps.session.TestSession - SRP:SessionAddEvent: id 58714337-3b29-4b2d-891f-23850c11b250 net.serenitybdd.cucumber.events.StepFinishedWithResultEvent@60eea879
  &amp#27;[32mWhen &amp#27;[0m&amp#27;[32mI select a nationality of &amp#27;[0m&amp#27;[32m&amp#27;[1m"Australia"&amp#27;[0m                           &amp#27;[90m# ho.qat.seo.stepDefinitions.VisaConfirmationSteps.iSelectANationalityOfAustralia(java.lang.String)&amp#27;[0m
22:32:46.883 [ForkJoinPool-2-worker-3] DEBUG io.cucumber.core.plugin.SerenityReporter - Running feature from classpath:features/VisaConfirmation.feature
22:32:46.883 [ForkJoinPool-2-worker-3] DEBUG io.cucumber.core.plugin.SerenityReporter - SRP:handleTestStepStarted  classpath:features/VisaConfirmation.feature Thread[#34,ForkJoinPool-2-worker-3,5,main] 58714337-3b29-4b2d-891f-23850c11b250 at line 15
22:32:46.883 [ForkJoinPool-2-worker-3] DEBUG net.thucydides.core.steps.session.TestSession - SRP:SessionAddEvent: id 58714337-3b29-4b2d-891f-23850c11b250 EventBusEvent UPDATE_EXAMPLE_LINE_NUMBER 15
22:32:46.884 [ForkJoinPool-2-worker-3] DEBUG net.thucydides.core.steps.session.TestSession - SRP:SessionAddEvent: id 58714337-3b29-4b2d-891f-23850c11b250 EventBusEvent STEP_STARTED_EVENT And I select reason "Tourism" And I select reason "Tourism"
22:32:46.884 [ForkJoinPool-2-worker-3] DEBUG net.thucydides.core.steps.session.TestSession - SRP:SessionAddEvent: id 58714337-3b29-4b2d-891f-23850c11b250 net.thucydides.core.steps.events.UpdateCurrentStepTitleEvent@742483cf
22:32:46.885 [ForkJoinPool-2-worker-2] DEBUG io.cucumber.core.plugin.SerenityReporter - SRP:handleTestStepFinished  classpath:features/VisaConfirmation.feature Thread[#33,ForkJoinPool-2-worker-2,5,main] 0ed18109-ddcf-4677-8c06-94cee66054c1 at line 16
22:32:46.885 [ForkJoinPool-2-worker-2] DEBUG io.cucumber.core.plugin.SerenityReporter - Running feature from classpath:features/VisaConfirmation.feature
22:32:46.887 [ForkJoinPool-2-worker-2] DEBUG net.thucydides.core.steps.session.TestSession - SRP:SessionAddEvent: id 0ed18109-ddcf-4677-8c06-94cee66054c1 net.serenitybdd.cucumber.events.StepFinishedWithResultEvent@38468a3f
  &amp#27;[32mWhen &amp#27;[0m&amp#27;[32mI select a nationality of &amp#27;[0m&amp#27;[32m&amp#27;[1m"Colombia"&amp#27;[0m        &amp#27;[90m# ho.qat.seo.stepDefinitions.VisaConfirmationSteps.iSelectANationalityOfAustralia(java.lang.String)&amp#27;[0m
22:32:46.888 [ForkJoinPool-2-worker-2] DEBUG io.cucumber.core.plugin.SerenityReporter - Running feature from classpath:features/VisaConfirmation.feature
22:32:46.888 [ForkJoinPool-2-worker-2] DEBUG io.cucumber.core.plugin.SerenityReporter - SRP:handleTestStepStarted  classpath:features/VisaConfirmation.feature Thread[#33,ForkJoinPool-2-worker-2,5,main] 0ed18109-ddcf-4677-8c06-94cee66054c1 at line 16
22:32:46.888 [ForkJoinPool-2-worker-2] DEBUG net.thucydides.core.steps.session.TestSession - SRP:SessionAddEvent: id 0ed18109-ddcf-4677-8c06-94cee66054c1 EventBusEvent UPDATE_EXAMPLE_LINE_NUMBER 16
22:32:46.888 [ForkJoinPool-2-worker-2] DEBUG net.thucydides.core.steps.session.TestSession - SRP:SessionAddEvent: id 0ed18109-ddcf-4677-8c06-94cee66054c1 EventBusEvent STEP_STARTED_EVENT And I select reason "Join partner" And I select reason "Join partner"
22:32:46.888 [ForkJoinPool-2-worker-2] DEBUG net.thucydides.core.steps.session.TestSession - SRP:SessionAddEvent: id 0ed18109-ddcf-4677-8c06-94cee66054c1 net.thucydides.core.steps.events.UpdateCurrentStepTitleEvent@3adcbe63
22:32:47.525 [ForkJoinPool-2-worker-1] DEBUG io.cucumber.core.plugin.SerenityReporter - SRP:handleTestStepFinished  classpath:features/VisaConfirmation.feature Thread[#27,ForkJoinPool-2-worker-1,5,main] 59284a33-8c27-40d1-9929-423cc32d9779 at line 18
22:32:47.526 [ForkJoinPool-2-worker-1] DEBUG io.cucumber.core.plugin.SerenityReporter - Running feature from classpath:features/VisaConfirmation.feature
22:32:47.527 [ForkJoinPool-2-worker-1] DEBUG net.thucydides.core.steps.session.TestSession - SRP:SessionAddEvent: id 59284a33-8c27-40d1-9929-423cc32d9779 net.serenitybdd.cucumber.events.StepFinishedWithResultEvent@497b9728
  &amp#27;[32mAnd &amp#27;[0m&amp#27;[32mI select reason &amp#27;[0m&amp#27;[32m&amp#27;[1m'Work, academic'&amp#27;[0m                                                                                                              &amp#27;[90m# ho.qat.seo.stepDefinitions.VisaConfirmationSteps.iSelectReasonTourism(java.lang.String)&amp#27;[0m
22:32:47.528 [ForkJoinPool-2-worker-1] DEBUG io.cucumber.core.plugin.SerenityReporter - Running feature from classpath:features/VisaConfirmation.feature
22:32:47.528 [ForkJoinPool-2-worker-1] DEBUG io.cucumber.core.plugin.SerenityReporter - SRP:handleTestStepStarted  classpath:features/VisaConfirmation.feature Thread[#27,ForkJoinPool-2-worker-1,5,main] 59284a33-8c27-40d1-9929-423cc32d9779 at line 18
22:32:47.528 [ForkJoinPool-2-worker-1] DEBUG net.thucydides.core.steps.session.TestSession - SRP:SessionAddEvent: id 59284a33-8c27-40d1-9929-423cc32d9779 EventBusEvent STEP_STARTED_EVENT And I state I am intending to stay for 'less' than 6 months And I state I am intending to stay for 'less' than 6 months
22:32:47.528 [ForkJoinPool-2-worker-1] DEBUG net.thucydides.core.steps.session.TestSession - SRP:SessionAddEvent: id 59284a33-8c27-40d1-9929-423cc32d9779 net.thucydides.core.steps.events.UpdateCurrentStepTitleEvent@26b729c7
22:32:47.535 [ForkJoinPool-2-worker-2] DEBUG io.cucumber.core.plugin.SerenityReporter - SRP:handleTestStepFinished  classpath:features/VisaConfirmation.feature Thread[#33,ForkJoinPool-2-worker-2,5,main] 0ed18109-ddcf-4677-8c06-94cee66054c1 at line 16
22:32:47.535 [ForkJoinPool-2-worker-2] DEBUG io.cucumber.core.plugin.SerenityReporter - Running feature from classpath:features/VisaConfirmation.feature
22:32:47.536 [ForkJoinPool-2-worker-2] DEBUG net.thucydides.core.steps.session.TestSession - SRP:SessionAddEvent: id 0ed18109-ddcf-4677-8c06-94cee66054c1 net.serenitybdd.cucumber.events.StepFinishedWithResultEvent@2ad89b46
  &amp#27;[32mAnd &amp#27;[0m&amp#27;[32mI select reason &amp#27;[0m&amp#27;[32m&amp#27;[1m"Join partner"&amp#27;[0m               &amp#27;[90m# ho.qat.seo.stepDefinitions.VisaConfirmationSteps.iSelectReasonTourism(java.lang.String)&amp#27;[0m
22:32:47.537 [ForkJoinPool-2-worker-2] DEBUG io.cucumber.core.plugin.SerenityReporter - Running feature from classpath:features/VisaConfirmation.feature
22:32:47.537 [ForkJoinPool-2-worker-2] DEBUG io.cucumber.core.plugin.SerenityReporter - SRP:handleTestStepStarted  classpath:features/VisaConfirmation.feature Thread[#33,ForkJoinPool-2-worker-2,5,main] 0ed18109-ddcf-4677-8c06-94cee66054c1 at line 16
22:32:47.537 [ForkJoinPool-2-worker-2] DEBUG net.thucydides.core.steps.session.TestSession - SRP:SessionAddEvent: id 0ed18109-ddcf-4677-8c06-94cee66054c1 EventBusEvent UPDATE_EXAMPLE_LINE_NUMBER 16
22:32:47.538 [ForkJoinPool-2-worker-2] DEBUG net.thucydides.core.steps.session.TestSession - SRP:SessionAddEvent: id 0ed18109-ddcf-4677-8c06-94cee66054c1 EventBusEvent STEP_STARTED_EVENT Then I will be informed "You may need a visa" Then I will be informed "You may need a visa"
22:32:47.538 [ForkJoinPool-2-worker-2] DEBUG net.thucydides.core.steps.session.TestSession - SRP:SessionAddEvent: id 0ed18109-ddcf-4677-8c06-94cee66054c1 net.thucydides.core.steps.events.UpdateCurrentStepTitleEvent@71cfafb7
22:32:47.640 [ForkJoinPool-2-worker-3] DEBUG io.cucumber.core.plugin.SerenityReporter - SRP:handleTestStepFinished  classpath:features/VisaConfirmation.feature Thread[#34,ForkJoinPool-2-worker-3,5,main] 58714337-3b29-4b2d-891f-23850c11b250 at line 15
22:32:47.640 [ForkJoinPool-2-worker-3] DEBUG io.cucumber.core.plugin.SerenityReporter - Running feature from classpath:features/VisaConfirmation.feature
22:32:47.641 [ForkJoinPool-2-worker-3] DEBUG net.thucydides.core.steps.session.TestSession - SRP:SessionAddEvent: id 58714337-3b29-4b2d-891f-23850c11b250 net.serenitybdd.cucumber.events.StepFinishedWithResultEvent@c825e85
  &amp#27;[32mAnd &amp#27;[0m&amp#27;[32mI select reason &amp#27;[0m&amp#27;[32m&amp#27;[1m"Tourism"&amp#27;[0m                                        &amp#27;[90m# ho.qat.seo.stepDefinitions.VisaConfirmationSteps.iSelectReasonTourism(java.lang.String)&amp#27;[0m
22:32:47.641 [ForkJoinPool-2-worker-3] DEBUG io.cucumber.core.plugin.SerenityReporter - Running feature from classpath:features/VisaConfirmation.feature
22:32:47.642 [ForkJoinPool-2-worker-3] DEBUG io.cucumber.core.plugin.SerenityReporter - SRP:handleTestStepStarted  classpath:features/VisaConfirmation.feature Thread[#34,ForkJoinPool-2-worker-3,5,main] 58714337-3b29-4b2d-891f-23850c11b250 at line 15
22:32:47.642 [ForkJoinPool-2-worker-3] DEBUG net.thucydides.core.steps.session.TestSession - SRP:SessionAddEvent: id 58714337-3b29-4b2d-891f-23850c11b250 EventBusEvent UPDATE_EXAMPLE_LINE_NUMBER 15
22:32:47.642 [ForkJoinPool-2-worker-3] DEBUG net.thucydides.core.steps.session.TestSession - SRP:SessionAddEvent: id 58714337-3b29-4b2d-891f-23850c11b250 EventBusEvent STEP_STARTED_EVENT Then I will be informed "You will not need a visa to come to the UK" Then I will be informed "You will not need a visa to come to the UK"
22:32:47.642 [ForkJoinPool-2-worker-3] DEBUG net.thucydides.core.steps.session.TestSession - SRP:SessionAddEvent: id 58714337-3b29-4b2d-891f-23850c11b250 net.thucydides.core.steps.events.UpdateCurrentStepTitleEvent@1df5b7d6
22:32:47.699 [ForkJoinPool-2-worker-2] DEBUG io.cucumber.core.plugin.SerenityReporter - SRP:handleTestStepFinished  classpath:features/VisaConfirmation.feature Thread[#33,ForkJoinPool-2-worker-2,5,main] 0ed18109-ddcf-4677-8c06-94cee66054c1 at line 16
22:32:47.699 [ForkJoinPool-2-worker-2] DEBUG io.cucumber.core.plugin.SerenityReporter - Running feature from classpath:features/VisaConfirmation.feature
22:32:47.701 [ForkJoinPool-2-worker-2] DEBUG net.thucydides.core.steps.session.TestSession - SRP:SessionAddEvent: id 0ed18109-ddcf-4677-8c06-94cee66054c1 net.serenitybdd.cucumber.events.StepFinishedWithResultEvent@7c99c017
  &amp#27;[32mThen &amp#27;[0m&amp#27;[32mI will be informed &amp#27;[0m&amp#27;[32m&amp#27;[1m"You may need a visa"&amp#27;[0m    &amp#27;[90m# ho.qat.seo.stepDefinitions.VisaConfirmationSteps.confirm_visa_result(java.lang.String)&amp#27;[0m
22:32:47.703 [ForkJoinPool-2-worker-2] DEBUG io.cucumber.core.plugin.SerenityReporter - SRP:handleTestCaseFinished  classpath:features/VisaConfirmation.feature Thread[#33,ForkJoinPool-2-worker-2,5,main] 0ed18109-ddcf-4677-8c06-94cee66054c1 at line 16
22:32:47.703 [ForkJoinPool-2-worker-2] DEBUG io.cucumber.core.plugin.SerenityReporter - Running feature from classpath:features/VisaConfirmation.feature
22:32:47.705 [ForkJoinPool-2-worker-2] DEBUG net.thucydides.core.steps.session.TestSession - SRP:SessionAddEvent: id 0ed18109-ddcf-4677-8c06-94cee66054c1 net.serenitybdd.cucumber.events.StepFinishedWithResultEvent@40483185
22:32:47.706 [ForkJoinPool-2-worker-2] DEBUG net.thucydides.core.steps.session.TestSession - SRP:SessionAddEvent: id 0ed18109-ddcf-4677-8c06-94cee66054c1 EventBusEvent EXAMPLE_FINISHED_EVENT 
22:32:47.707 [ForkJoinPool-2-worker-2] DEBUG net.thucydides.core.steps.session.TestSession - SRP:SessionAddEvent: id 0ed18109-ddcf-4677-8c06-94cee66054c1 EventBusEvent TEST_FINISHED_EVENT  true scenario Visa checks;check-visa-australia-&-columbian
22:32:47.707 [ForkJoinPool-2-worker-2] DEBUG net.thucydides.core.steps.session.TestSession - SRP:SessionEnd: id 0ed18109-ddcf-4677-8c06-94cee66054c1
22:32:47.873 [ForkJoinPool-2-worker-3] DEBUG io.cucumber.core.plugin.SerenityReporter - SRP:handleTestStepFinished  classpath:features/VisaConfirmation.feature Thread[#34,ForkJoinPool-2-worker-3,5,main] 58714337-3b29-4b2d-891f-23850c11b250 at line 15
22:32:47.873 [ForkJoinPool-2-worker-3] DEBUG io.cucumber.core.plugin.SerenityReporter - Running feature from classpath:features/VisaConfirmation.feature
22:32:47.874 [ForkJoinPool-2-worker-3] DEBUG net.thucydides.core.steps.session.TestSession - SRP:SessionAddEvent: id 58714337-3b29-4b2d-891f-23850c11b250 net.serenitybdd.cucumber.events.StepFinishedWithResultEvent@52befc7f
  &amp#27;[32mThen &amp#27;[0m&amp#27;[32mI will be informed &amp#27;[0m&amp#27;[32m&amp#27;[1m"You will not need a visa to come to the UK"&amp#27;[0m &amp#27;[90m# ho.qat.seo.stepDefinitions.VisaConfirmationSteps.confirm_visa_result(java.lang.String)&amp#27;[0m
22:32:47.874 [ForkJoinPool-2-worker-3] DEBUG io.cucumber.core.plugin.SerenityReporter - SRP:handleTestCaseFinished  classpath:features/VisaConfirmation.feature Thread[#34,ForkJoinPool-2-worker-3,5,main] 58714337-3b29-4b2d-891f-23850c11b250 at line 15
22:32:47.874 [ForkJoinPool-2-worker-3] DEBUG io.cucumber.core.plugin.SerenityReporter - Running feature from classpath:features/VisaConfirmation.feature
22:32:47.875 [ForkJoinPool-2-worker-3] DEBUG net.thucydides.core.steps.session.TestSession - SRP:SessionAddEvent: id 58714337-3b29-4b2d-891f-23850c11b250 net.serenitybdd.cucumber.events.StepFinishedWithResultEvent@5f97a88d
22:32:47.876 [ForkJoinPool-2-worker-3] DEBUG net.thucydides.core.steps.session.TestSession - SRP:SessionAddEvent: id 58714337-3b29-4b2d-891f-23850c11b250 EventBusEvent EXAMPLE_FINISHED_EVENT 
22:32:47.876 [ForkJoinPool-2-worker-3] DEBUG net.thucydides.core.steps.session.TestSession - SRP:SessionAddEvent: id 58714337-3b29-4b2d-891f-23850c11b250 EventBusEvent TEST_FINISHED_EVENT  false scenario Visa checks;check-visa-australia-&-columbian
22:32:47.876 [ForkJoinPool-2-worker-3] DEBUG net.thucydides.core.steps.session.TestSession - SRP:SessionEnd: id 58714337-3b29-4b2d-891f-23850c11b250
]]></system-out>
    <system-err><![CDATA[Nov 29, 2023 10:32:44 PM org.openqa.selenium.devtools.CdpVersionFinder findNearestMatch
WARNING: Unable to find an exact match for CDP version 119, returning the closest version; found: 118; Please update to a Selenium version that supports CDP version 119
Nov 29, 2023 10:32:44 PM org.openqa.selenium.devtools.CdpVersionFinder findNearestMatch
WARNING: Unable to find an exact match for CDP version 119, returning the closest version; found: 118; Please update to a Selenium version that supports CDP version 119
Nov 29, 2023 10:32:44 PM org.openqa.selenium.devtools.CdpVersionFinder findNearestMatch
WARNING: Unable to find an exact match for CDP version 119, returning the closest version; found: 118; Please update to a Selenium version that supports CDP version 119
Nov 29, 2023 10:32:47 PM org.openqa.selenium.os.ExternalProcess$Builder lambda$start$0
WARNING: failed to copy the output of process 36672
java.io.IOException: Stream closed
	at java.base/java.io.BufferedInputStream.ensureOpen(BufferedInputStream.java:206)
	at java.base/java.io.BufferedInputStream.implRead(BufferedInputStream.java:411)
	at java.base/java.io.BufferedInputStream.read(BufferedInputStream.java:405)
	at java.base/java.io.InputStream.transferTo(InputStream.java:796)
	at java.base/java.io.BufferedInputStream.implTransferTo(BufferedInputStream.java:657)
	at java.base/java.io.BufferedInputStream.transferTo(BufferedInputStream.java:637)
	at org.openqa.selenium.os.ExternalProcess$Builder.lambda$start$0(ExternalProcess.java:209)
	at java.base/java.lang.Thread.run(Thread.java:1583)

]]></system-err>
  </testcase>
  <testcase name="Example #1.1" classname="Examples" time="15.794"/>
  <testcase name="A Chilean coming to the UK for Work and plans on staying for longer than 6 months." classname="Visa checks" time="16.329">
    <system-out><![CDATA[22:32:48.311 [ForkJoinPool-2-worker-1] DEBUG io.cucumber.core.plugin.SerenityReporter - SRP:handleTestStepFinished  classpath:features/VisaConfirmation.feature Thread[#27,ForkJoinPool-2-worker-1,5,main] 59284a33-8c27-40d1-9929-423cc32d9779 at line 18
22:32:48.311 [ForkJoinPool-2-worker-1] DEBUG io.cucumber.core.plugin.SerenityReporter - Running feature from classpath:features/VisaConfirmation.feature
22:32:48.313 [ForkJoinPool-2-worker-1] DEBUG net.thucydides.core.steps.session.TestSession - SRP:SessionAddEvent: id 59284a33-8c27-40d1-9929-423cc32d9779 net.serenitybdd.cucumber.events.StepFinishedWithResultEvent@184f9364
  &amp#27;[32mAnd &amp#27;[0m&amp#27;[32mI state I am intending to stay for &amp#27;[0m&amp#27;[32m&amp#27;[1m'less'&amp#27;[0m&amp#27;[32m than 6 months&amp#27;[0m                                                                                       &amp#27;[90m# ho.qat.seo.stepDefinitions.VisaConfirmationSteps.iStateIAmIntendingToStayForMoreThanMonths(java.lang.String)&amp#27;[0m
22:32:48.314 [ForkJoinPool-2-worker-1] DEBUG io.cucumber.core.plugin.SerenityReporter - Running feature from classpath:features/VisaConfirmation.feature
22:32:48.314 [ForkJoinPool-2-worker-1] DEBUG io.cucumber.core.plugin.SerenityReporter - SRP:handleTestStepStarted  classpath:features/VisaConfirmation.feature Thread[#27,ForkJoinPool-2-worker-1,5,main] 59284a33-8c27-40d1-9929-423cc32d9779 at line 18
22:32:48.314 [ForkJoinPool-2-worker-1] DEBUG net.thucydides.core.steps.session.TestSession - SRP:SessionAddEvent: id 59284a33-8c27-40d1-9929-423cc32d9779 EventBusEvent STEP_STARTED_EVENT Then I will be informed 'You do not need a visa for some business and academic activities, but you must get a visa if you plan to work in the UK' Then I will be informed 'You do not need a visa for some business and academic activities, but you must get a visa if you plan to work in the UK'
22:32:48.315 [ForkJoinPool-2-worker-1] DEBUG net.thucydides.core.steps.session.TestSession - SRP:SessionAddEvent: id 59284a33-8c27-40d1-9929-423cc32d9779 net.thucydides.core.steps.events.UpdateCurrentStepTitleEvent@748bd1e7
22:32:48.416 [ForkJoinPool-2-worker-1] DEBUG io.cucumber.core.plugin.SerenityReporter - SRP:handleTestStepFinished  classpath:features/VisaConfirmation.feature Thread[#27,ForkJoinPool-2-worker-1,5,main] 59284a33-8c27-40d1-9929-423cc32d9779 at line 18
22:32:48.416 [ForkJoinPool-2-worker-1] DEBUG io.cucumber.core.plugin.SerenityReporter - Running feature from classpath:features/VisaConfirmation.feature
22:32:48.417 [ForkJoinPool-2-worker-1] DEBUG net.thucydides.core.steps.session.TestSession - SRP:SessionAddEvent: id 59284a33-8c27-40d1-9929-423cc32d9779 net.serenitybdd.cucumber.events.StepFinishedWithResultEvent@109ddea9
  &amp#27;[32mThen &amp#27;[0m&amp#27;[32mI will be informed &amp#27;[0m&amp#27;[32m&amp#27;[1m'You do not need a visa for some business and academic activities, but you must get a visa if you plan to work in the UK'&amp#27;[0m &amp#27;[90m# ho.qat.seo.stepDefinitions.VisaConfirmationSteps.confirm_visa_result(java.lang.String)&amp#27;[0m
22:32:48.417 [ForkJoinPool-2-worker-1] DEBUG io.cucumber.core.plugin.SerenityReporter - SRP:handleTestCaseFinished  classpath:features/VisaConfirmation.feature Thread[#27,ForkJoinPool-2-worker-1,5,main] 59284a33-8c27-40d1-9929-423cc32d9779 at line 18
22:32:48.417 [ForkJoinPool-2-worker-1] DEBUG io.cucumber.core.plugin.SerenityReporter - Running feature from classpath:features/VisaConfirmation.feature
22:32:48.418 [ForkJoinPool-2-worker-1] DEBUG net.thucydides.core.steps.session.TestSession - SRP:SessionAddEvent: id 59284a33-8c27-40d1-9929-423cc32d9779 EventBusEvent TEST_FINISHED_EVENT  false scenario Visa checks;a-chilean-coming-to-the-uk-for-work-and-plans-on-staying-for-longer-than-6-months.
22:32:48.418 [ForkJoinPool-2-worker-1] DEBUG net.thucydides.core.steps.session.TestSession - SRP:SessionEnd: id 59284a33-8c27-40d1-9929-423cc32d9779
]]></system-out>
  </testcase>
</testsuite>